2024-08-08 10:16:59.284 INFO  com.infuq.Bootstrap - Starting Bootstrap using Java 1.8.0_202 on DESKTOP-LE3U64R with PID 2192 (D:\Repository\infuq-influxDB\target\classes started by infuq in D:\Repository\infuq-influxDB)
2024-08-08 10:16:59.287 INFO  com.infuq.Bootstrap - The following 1 profile is active: "prod"
2024-08-08 10:17:00.208 INFO  org.springframework.data.repository.config.RepositoryConfigurationDelegate - Multiple Spring Data modules found, entering strict repository configuration mode
2024-08-08 10:17:00.210 INFO  org.springframework.data.repository.config.RepositoryConfigurationDelegate - Bootstrapping Spring Data Redis repositories in DEFAULT mode.
2024-08-08 10:17:00.231 INFO  org.springframework.data.repository.config.RepositoryConfigurationDelegate - Finished Spring Data repository scanning in 5 ms. Found 0 Redis repository interfaces.
2024-08-08 10:17:00.620 INFO  org.springframework.boot.web.embedded.tomcat.TomcatWebServer - Tomcat initialized with port(s): 56075 (http)
2024-08-08 10:17:00.628 INFO  org.apache.coyote.http11.Http11NioProtocol - Initializing ProtocolHandler ["http-nio-56075"]
2024-08-08 10:17:00.629 INFO  org.apache.catalina.core.StandardService - Starting service [Tomcat]
2024-08-08 10:17:00.630 INFO  org.apache.catalina.core.StandardEngine - Starting Servlet engine: [Apache Tomcat/9.0.68]
2024-08-08 10:17:00.820 INFO  org.apache.catalina.core.ContainerBase.[Tomcat].[localhost].[/] - Initializing Spring embedded WebApplicationContext
2024-08-08 10:17:00.820 INFO  org.springframework.boot.web.servlet.context.ServletWebServerApplicationContext - Root WebApplicationContext: initialization completed in 1492 ms
2024-08-08 10:17:01.148 INFO  org.redisson.Version - Redisson 3.13.4
2024-08-08 10:17:02.991 INFO  org.redisson.connection.pool.MasterPubSubConnectionPool - 1 connections initialized for r-bp1c49d65e2acfe4pd.redis.rds.aliyuncs.com/101.37.143.181:6379
2024-08-08 10:17:03.142 INFO  org.redisson.connection.pool.MasterConnectionPool - 24 connections initialized for r-bp1c49d65e2acfe4pd.redis.rds.aliyuncs.com/101.37.143.181:6379
2024-08-08 10:17:04.601 INFO  org.springframework.boot.actuate.endpoint.web.EndpointLinksResolver - Exposing 1 endpoint(s) beneath base path '/actuator'
2024-08-08 10:17:04.631 INFO  org.apache.coyote.http11.Http11NioProtocol - Starting ProtocolHandler ["http-nio-56075"]
2024-08-08 10:17:04.642 INFO  org.springframework.boot.web.embedded.tomcat.TomcatWebServer - Tomcat started on port(s): 56075 (http) with context path ''
2024-08-08 10:17:04.656 INFO  com.infuq.Bootstrap - Started Bootstrap in 5.967 seconds (JVM running for 7.671)
2024-08-08 10:42:19.244 INFO  com.infuq.Bootstrap - Starting Bootstrap using Java 1.8.0_202 on DESKTOP-LE3U64R with PID 15240 (D:\Repository\infuq-influxDB\target\classes started by infuq in D:\Repository\infuq-influxDB)
2024-08-08 10:42:19.248 INFO  com.infuq.Bootstrap - The following 1 profile is active: "prod"
2024-08-08 10:42:20.146 INFO  org.springframework.data.repository.config.RepositoryConfigurationDelegate - Multiple Spring Data modules found, entering strict repository configuration mode
2024-08-08 10:42:20.148 INFO  org.springframework.data.repository.config.RepositoryConfigurationDelegate - Bootstrapping Spring Data Redis repositories in DEFAULT mode.
2024-08-08 10:42:20.167 INFO  org.springframework.data.repository.config.RepositoryConfigurationDelegate - Finished Spring Data repository scanning in 5 ms. Found 0 Redis repository interfaces.
2024-08-08 10:42:20.567 INFO  org.springframework.boot.web.embedded.tomcat.TomcatWebServer - Tomcat initialized with port(s): 56075 (http)
2024-08-08 10:42:20.575 INFO  org.apache.coyote.http11.Http11NioProtocol - Initializing ProtocolHandler ["http-nio-56075"]
2024-08-08 10:42:20.576 INFO  org.apache.catalina.core.StandardService - Starting service [Tomcat]
2024-08-08 10:42:20.576 INFO  org.apache.catalina.core.StandardEngine - Starting Servlet engine: [Apache Tomcat/9.0.68]
2024-08-08 10:42:20.702 INFO  org.apache.catalina.core.ContainerBase.[Tomcat].[localhost].[/] - Initializing Spring embedded WebApplicationContext
2024-08-08 10:42:20.703 INFO  org.springframework.boot.web.servlet.context.ServletWebServerApplicationContext - Root WebApplicationContext: initialization completed in 1409 ms
2024-08-08 10:42:21.024 INFO  org.redisson.Version - Redisson 3.13.4
2024-08-08 10:42:22.924 INFO  org.redisson.connection.pool.MasterPubSubConnectionPool - 1 connections initialized for r-bp1c49d65e2acfe4pd.redis.rds.aliyuncs.com/101.37.143.181:6379
2024-08-08 10:42:23.066 INFO  org.redisson.connection.pool.MasterConnectionPool - 24 connections initialized for r-bp1c49d65e2acfe4pd.redis.rds.aliyuncs.com/101.37.143.181:6379
2024-08-08 10:42:24.493 INFO  org.springframework.boot.actuate.endpoint.web.EndpointLinksResolver - Exposing 1 endpoint(s) beneath base path '/actuator'
2024-08-08 10:42:24.516 INFO  org.apache.coyote.http11.Http11NioProtocol - Starting ProtocolHandler ["http-nio-56075"]
2024-08-08 10:42:24.528 INFO  org.springframework.boot.web.embedded.tomcat.TomcatWebServer - Tomcat started on port(s): 56075 (http) with context path ''
2024-08-08 10:42:24.545 INFO  com.infuq.Bootstrap - Started Bootstrap in 5.818 seconds (JVM running for 7.143)
2024-08-08 10:46:31.792 INFO  com.infuq.Bootstrap - Starting Bootstrap using Java 1.8.0_202 on DESKTOP-LE3U64R with PID 20740 (D:\Repository\infuq-influxDB\target\classes started by infuq in D:\Repository\infuq-influxDB)
2024-08-08 10:46:31.794 INFO  com.infuq.Bootstrap - The following 1 profile is active: "prod"
2024-08-08 10:46:32.696 INFO  org.springframework.data.repository.config.RepositoryConfigurationDelegate - Multiple Spring Data modules found, entering strict repository configuration mode
2024-08-08 10:46:32.699 INFO  org.springframework.data.repository.config.RepositoryConfigurationDelegate - Bootstrapping Spring Data Redis repositories in DEFAULT mode.
2024-08-08 10:46:32.722 INFO  org.springframework.data.repository.config.RepositoryConfigurationDelegate - Finished Spring Data repository scanning in 7 ms. Found 0 Redis repository interfaces.
2024-08-08 10:46:33.220 INFO  org.springframework.boot.web.embedded.tomcat.TomcatWebServer - Tomcat initialized with port(s): 56075 (http)
2024-08-08 10:46:33.232 INFO  org.apache.coyote.http11.Http11NioProtocol - Initializing ProtocolHandler ["http-nio-56075"]
2024-08-08 10:46:33.233 INFO  org.apache.catalina.core.StandardService - Starting service [Tomcat]
2024-08-08 10:46:33.233 INFO  org.apache.catalina.core.StandardEngine - Starting Servlet engine: [Apache Tomcat/9.0.68]
2024-08-08 10:46:33.417 INFO  org.apache.catalina.core.ContainerBase.[Tomcat].[localhost].[/] - Initializing Spring embedded WebApplicationContext
2024-08-08 10:46:33.418 INFO  org.springframework.boot.web.servlet.context.ServletWebServerApplicationContext - Root WebApplicationContext: initialization completed in 1569 ms
2024-08-08 10:46:33.878 INFO  org.redisson.Version - Redisson 3.13.4
2024-08-08 10:46:35.825 INFO  org.redisson.connection.pool.MasterPubSubConnectionPool - 1 connections initialized for r-bp1c49d65e2acfe4pd.redis.rds.aliyuncs.com/101.37.143.181:6379
2024-08-08 10:46:35.980 INFO  org.redisson.connection.pool.MasterConnectionPool - 24 connections initialized for r-bp1c49d65e2acfe4pd.redis.rds.aliyuncs.com/101.37.143.181:6379
2024-08-08 10:46:37.596 INFO  org.springframework.boot.actuate.endpoint.web.EndpointLinksResolver - Exposing 1 endpoint(s) beneath base path '/actuator'
2024-08-08 10:46:37.627 INFO  org.apache.coyote.http11.Http11NioProtocol - Starting ProtocolHandler ["http-nio-56075"]
2024-08-08 10:46:37.639 INFO  org.springframework.boot.web.embedded.tomcat.TomcatWebServer - Tomcat started on port(s): 56075 (http) with context path ''
2024-08-08 10:46:37.654 INFO  com.infuq.Bootstrap - Started Bootstrap in 6.483 seconds (JVM running for 8.568)
2024-08-08 10:49:48.851 INFO  com.infuq.Bootstrap - Starting Bootstrap using Java 1.8.0_202 on DESKTOP-LE3U64R with PID 6484 (D:\Repository\infuq-influxDB\target\classes started by infuq in D:\Repository\infuq-influxDB)
2024-08-08 10:49:48.853 INFO  com.infuq.Bootstrap - The following 1 profile is active: "prod"
2024-08-08 10:49:50.045 INFO  org.springframework.data.repository.config.RepositoryConfigurationDelegate - Multiple Spring Data modules found, entering strict repository configuration mode
2024-08-08 10:49:50.049 INFO  org.springframework.data.repository.config.RepositoryConfigurationDelegate - Bootstrapping Spring Data Redis repositories in DEFAULT mode.
2024-08-08 10:49:50.086 INFO  org.springframework.data.repository.config.RepositoryConfigurationDelegate - Finished Spring Data repository scanning in 10 ms. Found 0 Redis repository interfaces.
2024-08-08 10:49:50.739 INFO  org.springframework.boot.web.embedded.tomcat.TomcatWebServer - Tomcat initialized with port(s): 56075 (http)
2024-08-08 10:49:50.752 INFO  org.apache.coyote.http11.Http11NioProtocol - Initializing ProtocolHandler ["http-nio-56075"]
2024-08-08 10:49:50.753 INFO  org.apache.catalina.core.StandardService - Starting service [Tomcat]
2024-08-08 10:49:50.753 INFO  org.apache.catalina.core.StandardEngine - Starting Servlet engine: [Apache Tomcat/9.0.68]
2024-08-08 10:49:50.938 INFO  org.apache.catalina.core.ContainerBase.[Tomcat].[localhost].[/] - Initializing Spring embedded WebApplicationContext
2024-08-08 10:49:50.938 INFO  org.springframework.boot.web.servlet.context.ServletWebServerApplicationContext - Root WebApplicationContext: initialization completed in 2032 ms
2024-08-08 10:49:51.468 INFO  org.redisson.Version - Redisson 3.13.4
2024-08-08 10:49:53.760 INFO  org.redisson.connection.pool.MasterPubSubConnectionPool - 1 connections initialized for r-bp1c49d65e2acfe4pd.redis.rds.aliyuncs.com/101.37.143.181:6379
2024-08-08 10:49:53.914 INFO  org.redisson.connection.pool.MasterConnectionPool - 24 connections initialized for r-bp1c49d65e2acfe4pd.redis.rds.aliyuncs.com/101.37.143.181:6379
2024-08-08 10:49:55.626 INFO  org.springframework.boot.actuate.endpoint.web.EndpointLinksResolver - Exposing 1 endpoint(s) beneath base path '/actuator'
2024-08-08 10:49:55.658 INFO  org.apache.coyote.http11.Http11NioProtocol - Starting ProtocolHandler ["http-nio-56075"]
2024-08-08 10:49:55.677 INFO  org.springframework.boot.web.embedded.tomcat.TomcatWebServer - Tomcat started on port(s): 56075 (http) with context path ''
2024-08-08 10:49:55.699 INFO  com.infuq.Bootstrap - Started Bootstrap in 7.541 seconds (JVM running for 9.29)
2024-08-08 10:58:20.896 INFO  com.infuq.Bootstrap - Starting Bootstrap using Java 1.8.0_202 on DESKTOP-LE3U64R with PID 13444 (D:\Repository\infuq-influxDB\target\classes started by infuq in D:\Repository\infuq-influxDB)
2024-08-08 10:58:20.899 INFO  com.infuq.Bootstrap - The following 1 profile is active: "prod"
2024-08-08 10:58:21.788 INFO  org.springframework.data.repository.config.RepositoryConfigurationDelegate - Multiple Spring Data modules found, entering strict repository configuration mode
2024-08-08 10:58:21.791 INFO  org.springframework.data.repository.config.RepositoryConfigurationDelegate - Bootstrapping Spring Data Redis repositories in DEFAULT mode.
2024-08-08 10:58:21.815 INFO  org.springframework.data.repository.config.RepositoryConfigurationDelegate - Finished Spring Data repository scanning in 5 ms. Found 0 Redis repository interfaces.
2024-08-08 10:58:22.276 INFO  org.springframework.boot.web.embedded.tomcat.TomcatWebServer - Tomcat initialized with port(s): 56075 (http)
2024-08-08 10:58:22.284 INFO  org.apache.coyote.http11.Http11NioProtocol - Initializing ProtocolHandler ["http-nio-56075"]
2024-08-08 10:58:22.285 INFO  org.apache.catalina.core.StandardService - Starting service [Tomcat]
2024-08-08 10:58:22.285 INFO  org.apache.catalina.core.StandardEngine - Starting Servlet engine: [Apache Tomcat/9.0.68]
2024-08-08 10:58:22.420 INFO  org.apache.catalina.core.ContainerBase.[Tomcat].[localhost].[/] - Initializing Spring embedded WebApplicationContext
2024-08-08 10:58:22.420 INFO  org.springframework.boot.web.servlet.context.ServletWebServerApplicationContext - Root WebApplicationContext: initialization completed in 1485 ms
2024-08-08 10:58:22.766 INFO  org.redisson.Version - Redisson 3.13.4
2024-08-08 10:58:52.381 INFO  com.infuq.Bootstrap - Starting Bootstrap using Java 1.8.0_202 on DESKTOP-LE3U64R with PID 3720 (D:\Repository\infuq-influxDB\target\classes started by infuq in D:\Repository\infuq-influxDB)
2024-08-08 10:58:52.384 INFO  com.infuq.Bootstrap - The following 1 profile is active: "prod"
2024-08-08 10:58:53.161 INFO  org.springframework.data.repository.config.RepositoryConfigurationDelegate - Multiple Spring Data modules found, entering strict repository configuration mode
2024-08-08 10:58:53.163 INFO  org.springframework.data.repository.config.RepositoryConfigurationDelegate - Bootstrapping Spring Data Redis repositories in DEFAULT mode.
2024-08-08 10:58:53.180 INFO  org.springframework.data.repository.config.RepositoryConfigurationDelegate - Finished Spring Data repository scanning in 6 ms. Found 0 Redis repository interfaces.
2024-08-08 10:58:53.521 INFO  org.springframework.boot.web.embedded.tomcat.TomcatWebServer - Tomcat initialized with port(s): 56075 (http)
2024-08-08 10:58:53.528 INFO  org.apache.coyote.http11.Http11NioProtocol - Initializing ProtocolHandler ["http-nio-56075"]
2024-08-08 10:58:53.529 INFO  org.apache.catalina.core.StandardService - Starting service [Tomcat]
2024-08-08 10:58:53.529 INFO  org.apache.catalina.core.StandardEngine - Starting Servlet engine: [Apache Tomcat/9.0.68]
2024-08-08 10:58:53.638 INFO  org.apache.catalina.core.ContainerBase.[Tomcat].[localhost].[/] - Initializing Spring embedded WebApplicationContext
2024-08-08 10:58:53.638 INFO  org.springframework.boot.web.servlet.context.ServletWebServerApplicationContext - Root WebApplicationContext: initialization completed in 1214 ms
2024-08-08 10:58:53.917 INFO  org.redisson.Version - Redisson 3.13.4
2024-08-08 10:58:55.739 INFO  org.redisson.connection.pool.MasterPubSubConnectionPool - 1 connections initialized for r-bp1c49d65e2acfe4pd.redis.rds.aliyuncs.com/101.37.143.181:6379
2024-08-08 10:58:55.869 INFO  org.redisson.connection.pool.MasterConnectionPool - 24 connections initialized for r-bp1c49d65e2acfe4pd.redis.rds.aliyuncs.com/101.37.143.181:6379
2024-08-08 10:58:57.284 INFO  org.springframework.boot.actuate.endpoint.web.EndpointLinksResolver - Exposing 1 endpoint(s) beneath base path '/actuator'
2024-08-08 10:58:57.309 INFO  org.apache.coyote.http11.Http11NioProtocol - Starting ProtocolHandler ["http-nio-56075"]
2024-08-08 10:58:57.322 INFO  org.springframework.boot.web.embedded.tomcat.TomcatWebServer - Tomcat started on port(s): 56075 (http) with context path ''
2024-08-08 10:58:57.341 INFO  com.infuq.Bootstrap - Started Bootstrap in 5.393 seconds (JVM running for 6.689)
2024-08-08 12:48:11.154 INFO  com.infuq.Bootstrap - Starting Bootstrap using Java 1.8.0_202 on DESKTOP-LE3U64R with PID 14864 (D:\Repository\infuq-influxDB\target\classes started by infuq in D:\Repository\infuq-influxDB)
2024-08-08 12:48:11.157 INFO  com.infuq.Bootstrap - The following 1 profile is active: "prod"
2024-08-08 12:48:12.291 INFO  org.springframework.data.repository.config.RepositoryConfigurationDelegate - Multiple Spring Data modules found, entering strict repository configuration mode
2024-08-08 12:48:12.294 INFO  org.springframework.data.repository.config.RepositoryConfigurationDelegate - Bootstrapping Spring Data Redis repositories in DEFAULT mode.
2024-08-08 12:48:12.315 INFO  org.springframework.data.repository.config.RepositoryConfigurationDelegate - Finished Spring Data repository scanning in 5 ms. Found 0 Redis repository interfaces.
2024-08-08 12:48:12.718 INFO  org.springframework.boot.web.embedded.tomcat.TomcatWebServer - Tomcat initialized with port(s): 56075 (http)
2024-08-08 12:48:12.726 INFO  org.apache.coyote.http11.Http11NioProtocol - Initializing ProtocolHandler ["http-nio-56075"]
2024-08-08 12:48:12.727 INFO  org.apache.catalina.core.StandardService - Starting service [Tomcat]
2024-08-08 12:48:12.727 INFO  org.apache.catalina.core.StandardEngine - Starting Servlet engine: [Apache Tomcat/9.0.68]
2024-08-08 12:48:12.960 INFO  org.apache.catalina.core.ContainerBase.[Tomcat].[localhost].[/] - Initializing Spring embedded WebApplicationContext
2024-08-08 12:48:12.960 INFO  org.springframework.boot.web.servlet.context.ServletWebServerApplicationContext - Root WebApplicationContext: initialization completed in 1749 ms
2024-08-08 12:48:13.366 INFO  org.redisson.Version - Redisson 3.13.4
2024-08-08 12:48:15.499 INFO  org.redisson.connection.pool.MasterPubSubConnectionPool - 1 connections initialized for r-bp1c49d65e2acfe4pd.redis.rds.aliyuncs.com/101.37.143.181:6379
2024-08-08 12:48:15.651 INFO  org.redisson.connection.pool.MasterConnectionPool - 24 connections initialized for r-bp1c49d65e2acfe4pd.redis.rds.aliyuncs.com/101.37.143.181:6379
2024-08-08 12:48:17.138 INFO  org.springframework.boot.actuate.endpoint.web.EndpointLinksResolver - Exposing 1 endpoint(s) beneath base path '/actuator'
2024-08-08 12:48:17.164 INFO  org.apache.coyote.http11.Http11NioProtocol - Starting ProtocolHandler ["http-nio-56075"]
2024-08-08 12:48:17.176 INFO  org.springframework.boot.web.embedded.tomcat.TomcatWebServer - Tomcat started on port(s): 56075 (http) with context path ''
2024-08-08 12:48:17.189 INFO  com.infuq.Bootstrap - Started Bootstrap in 6.626 seconds (JVM running for 8.317)
2024-08-08 12:49:29.422 INFO  com.infuq.Bootstrap - Starting Bootstrap using Java 1.8.0_202 on DESKTOP-LE3U64R with PID 11016 (D:\Repository\infuq-influxDB\target\classes started by infuq in D:\Repository\infuq-influxDB)
2024-08-08 12:49:29.427 INFO  com.infuq.Bootstrap - The following 1 profile is active: "prod"
2024-08-08 12:49:30.329 INFO  org.springframework.data.repository.config.RepositoryConfigurationDelegate - Multiple Spring Data modules found, entering strict repository configuration mode
2024-08-08 12:49:30.331 INFO  org.springframework.data.repository.config.RepositoryConfigurationDelegate - Bootstrapping Spring Data Redis repositories in DEFAULT mode.
2024-08-08 12:49:30.359 INFO  org.springframework.data.repository.config.RepositoryConfigurationDelegate - Finished Spring Data repository scanning in 11 ms. Found 0 Redis repository interfaces.
2024-08-08 12:49:30.758 INFO  org.springframework.boot.web.embedded.tomcat.TomcatWebServer - Tomcat initialized with port(s): 56075 (http)
2024-08-08 12:49:30.767 INFO  org.apache.coyote.http11.Http11NioProtocol - Initializing ProtocolHandler ["http-nio-56075"]
2024-08-08 12:49:30.768 INFO  org.apache.catalina.core.StandardService - Starting service [Tomcat]
2024-08-08 12:49:30.768 INFO  org.apache.catalina.core.StandardEngine - Starting Servlet engine: [Apache Tomcat/9.0.68]
2024-08-08 12:49:30.923 INFO  org.apache.catalina.core.ContainerBase.[Tomcat].[localhost].[/] - Initializing Spring embedded WebApplicationContext
2024-08-08 12:49:30.924 INFO  org.springframework.boot.web.servlet.context.ServletWebServerApplicationContext - Root WebApplicationContext: initialization completed in 1454 ms
2024-08-08 12:49:31.283 INFO  org.redisson.Version - Redisson 3.13.4
2024-08-08 12:49:33.424 INFO  org.redisson.connection.pool.MasterPubSubConnectionPool - 1 connections initialized for r-bp1c49d65e2acfe4pd.redis.rds.aliyuncs.com/101.37.143.181:6379
2024-08-08 12:49:33.569 INFO  org.redisson.connection.pool.MasterConnectionPool - 24 connections initialized for r-bp1c49d65e2acfe4pd.redis.rds.aliyuncs.com/101.37.143.181:6379
2024-08-08 12:49:35.615 INFO  org.springframework.boot.actuate.endpoint.web.EndpointLinksResolver - Exposing 1 endpoint(s) beneath base path '/actuator'
2024-08-08 12:49:35.661 INFO  org.apache.coyote.http11.Http11NioProtocol - Starting ProtocolHandler ["http-nio-56075"]
2024-08-08 12:49:35.675 INFO  org.springframework.boot.web.embedded.tomcat.TomcatWebServer - Tomcat started on port(s): 56075 (http) with context path ''
2024-08-08 12:49:35.696 INFO  com.infuq.Bootstrap - Started Bootstrap in 6.802 seconds (JVM running for 7.886)
2024-08-08 12:51:31.930 INFO  com.infuq.Bootstrap - Starting Bootstrap using Java 1.8.0_202 on DESKTOP-LE3U64R with PID 13908 (D:\Repository\infuq-influxDB\target\classes started by infuq in D:\Repository\infuq-influxDB)
2024-08-08 12:51:31.933 INFO  com.infuq.Bootstrap - The following 1 profile is active: "prod"
2024-08-08 12:51:32.755 INFO  org.springframework.data.repository.config.RepositoryConfigurationDelegate - Multiple Spring Data modules found, entering strict repository configuration mode
2024-08-08 12:51:32.757 INFO  org.springframework.data.repository.config.RepositoryConfigurationDelegate - Bootstrapping Spring Data Redis repositories in DEFAULT mode.
2024-08-08 12:51:32.774 INFO  org.springframework.data.repository.config.RepositoryConfigurationDelegate - Finished Spring Data repository scanning in 5 ms. Found 0 Redis repository interfaces.
2024-08-08 12:51:33.184 INFO  org.springframework.boot.web.embedded.tomcat.TomcatWebServer - Tomcat initialized with port(s): 56075 (http)
2024-08-08 12:51:33.193 INFO  org.apache.coyote.http11.Http11NioProtocol - Initializing ProtocolHandler ["http-nio-56075"]
2024-08-08 12:51:33.194 INFO  org.apache.catalina.core.StandardService - Starting service [Tomcat]
2024-08-08 12:51:33.194 INFO  org.apache.catalina.core.StandardEngine - Starting Servlet engine: [Apache Tomcat/9.0.68]
2024-08-08 12:51:33.356 INFO  org.apache.catalina.core.ContainerBase.[Tomcat].[localhost].[/] - Initializing Spring embedded WebApplicationContext
2024-08-08 12:51:33.356 INFO  org.springframework.boot.web.servlet.context.ServletWebServerApplicationContext - Root WebApplicationContext: initialization completed in 1364 ms
2024-08-08 12:51:33.720 INFO  org.redisson.Version - Redisson 3.13.4
2024-08-08 12:51:36.080 INFO  org.redisson.connection.pool.MasterPubSubConnectionPool - 1 connections initialized for r-bp1c49d65e2acfe4pd.redis.rds.aliyuncs.com/101.37.143.181:6379
2024-08-08 12:51:36.222 INFO  org.redisson.connection.pool.MasterConnectionPool - 24 connections initialized for r-bp1c49d65e2acfe4pd.redis.rds.aliyuncs.com/101.37.143.181:6379
2024-08-08 12:51:38.101 INFO  org.springframework.boot.actuate.endpoint.web.EndpointLinksResolver - Exposing 1 endpoint(s) beneath base path '/actuator'
2024-08-08 12:51:38.145 INFO  org.apache.coyote.http11.Http11NioProtocol - Starting ProtocolHandler ["http-nio-56075"]
2024-08-08 12:51:38.161 INFO  org.springframework.boot.web.embedded.tomcat.TomcatWebServer - Tomcat started on port(s): 56075 (http) with context path ''
2024-08-08 12:51:38.181 INFO  com.infuq.Bootstrap - Started Bootstrap in 6.771 seconds (JVM running for 8.172)
2024-08-08 12:57:54.669 INFO  com.infuq.Bootstrap - Starting Bootstrap using Java 1.8.0_202 on DESKTOP-LE3U64R with PID 11200 (D:\Repository\infuq-influxDB\target\classes started by infuq in D:\Repository\infuq-influxDB)
2024-08-08 12:57:54.672 INFO  com.infuq.Bootstrap - The following 1 profile is active: "prod"
2024-08-08 12:57:55.485 INFO  org.springframework.data.repository.config.RepositoryConfigurationDelegate - Multiple Spring Data modules found, entering strict repository configuration mode
2024-08-08 12:57:55.487 INFO  org.springframework.data.repository.config.RepositoryConfigurationDelegate - Bootstrapping Spring Data Redis repositories in DEFAULT mode.
2024-08-08 12:57:55.505 INFO  org.springframework.data.repository.config.RepositoryConfigurationDelegate - Finished Spring Data repository scanning in 5 ms. Found 0 Redis repository interfaces.
2024-08-08 12:57:55.862 INFO  org.springframework.boot.web.embedded.tomcat.TomcatWebServer - Tomcat initialized with port(s): 56075 (http)
2024-08-08 12:57:55.869 INFO  org.apache.coyote.http11.Http11NioProtocol - Initializing ProtocolHandler ["http-nio-56075"]
2024-08-08 12:57:55.870 INFO  org.apache.catalina.core.StandardService - Starting service [Tomcat]
2024-08-08 12:57:55.870 INFO  org.apache.catalina.core.StandardEngine - Starting Servlet engine: [Apache Tomcat/9.0.68]
2024-08-08 12:57:55.991 INFO  org.apache.catalina.core.ContainerBase.[Tomcat].[localhost].[/] - Initializing Spring embedded WebApplicationContext
2024-08-08 12:57:55.991 INFO  org.springframework.boot.web.servlet.context.ServletWebServerApplicationContext - Root WebApplicationContext: initialization completed in 1276 ms
2024-08-08 12:57:56.263 INFO  org.redisson.Version - Redisson 3.13.4
2024-08-08 12:57:58.079 INFO  org.redisson.connection.pool.MasterPubSubConnectionPool - 1 connections initialized for r-bp1c49d65e2acfe4pd.redis.rds.aliyuncs.com/101.37.143.181:6379
2024-08-08 12:57:58.232 INFO  org.redisson.connection.pool.MasterConnectionPool - 24 connections initialized for r-bp1c49d65e2acfe4pd.redis.rds.aliyuncs.com/101.37.143.181:6379
2024-08-08 12:57:59.705 INFO  org.springframework.boot.actuate.endpoint.web.EndpointLinksResolver - Exposing 1 endpoint(s) beneath base path '/actuator'
2024-08-08 12:57:59.731 INFO  org.apache.coyote.http11.Http11NioProtocol - Starting ProtocolHandler ["http-nio-56075"]
2024-08-08 12:57:59.741 INFO  org.springframework.boot.web.embedded.tomcat.TomcatWebServer - Tomcat started on port(s): 56075 (http) with context path ''
2024-08-08 12:57:59.755 INFO  com.infuq.Bootstrap - Started Bootstrap in 5.644 seconds (JVM running for 6.637)
