2024-08-07 16:37:35.491 INFO  com.infuq.Bootstrap - Starting Bootstrap using Java 1.8.0_202 on DESKTOP-LE3U64R with PID 10004 (D:\Repository\infuq-influxDB\target\classes started by infuq in D:\Repository\infuq-influxDB)
2024-08-07 16:37:35.499 INFO  com.infuq.Bootstrap - The following 1 profile is active: "work"
2024-08-07 16:37:36.731 INFO  org.springframework.data.repository.config.RepositoryConfigurationDelegate - Multiple Spring Data modules found, entering strict repository configuration mode
2024-08-07 16:37:36.734 INFO  org.springframework.data.repository.config.RepositoryConfigurationDelegate - Bootstrapping Spring Data Redis repositories in DEFAULT mode.
2024-08-07 16:37:36.757 INFO  org.springframework.data.repository.config.RepositoryConfigurationDelegate - Finished Spring Data repository scanning in 5 ms. Found 0 Redis repository interfaces.
2024-08-07 16:37:37.232 INFO  org.springframework.boot.web.embedded.tomcat.TomcatWebServer - Tomcat initialized with port(s): 78085 (http)
2024-08-07 16:37:37.240 INFO  org.apache.coyote.http11.Http11NioProtocol - Initializing ProtocolHandler ["http-nio-78085"]
2024-08-07 16:37:37.241 INFO  org.apache.catalina.core.StandardService - Starting service [Tomcat]
2024-08-07 16:37:37.241 INFO  org.apache.catalina.core.StandardEngine - Starting Servlet engine: [Apache Tomcat/9.0.68]
2024-08-07 16:37:37.378 INFO  org.apache.catalina.core.ContainerBase.[Tomcat].[localhost].[/] - Initializing Spring embedded WebApplicationContext
2024-08-07 16:37:37.378 INFO  org.springframework.boot.web.servlet.context.ServletWebServerApplicationContext - Root WebApplicationContext: initialization completed in 1820 ms
2024-08-07 16:37:37.590 INFO  org.apache.catalina.core.StandardService - Stopping service [Tomcat]
2024-08-07 16:37:37.611 INFO  org.springframework.boot.autoconfigure.logging.ConditionEvaluationReportLoggingListener - 

Error starting ApplicationContext. To display the conditions report re-run your application with 'debug' enabled.
2024-08-07 16:38:18.156 INFO  com.infuq.Bootstrap - Starting Bootstrap using Java 1.8.0_202 on DESKTOP-LE3U64R with PID 15460 (D:\Repository\infuq-influxDB\target\classes started by infuq in D:\Repository\infuq-influxDB)
2024-08-07 16:38:18.163 INFO  com.infuq.Bootstrap - The following 1 profile is active: "work"
2024-08-07 16:38:19.309 INFO  org.springframework.data.repository.config.RepositoryConfigurationDelegate - Multiple Spring Data modules found, entering strict repository configuration mode
2024-08-07 16:38:19.311 INFO  org.springframework.data.repository.config.RepositoryConfigurationDelegate - Bootstrapping Spring Data Redis repositories in DEFAULT mode.
2024-08-07 16:38:19.336 INFO  org.springframework.data.repository.config.RepositoryConfigurationDelegate - Finished Spring Data repository scanning in 7 ms. Found 0 Redis repository interfaces.
2024-08-07 16:38:19.715 INFO  org.springframework.boot.web.embedded.tomcat.TomcatWebServer - Tomcat initialized with port(s): 78085 (http)
2024-08-07 16:38:19.723 INFO  org.apache.coyote.http11.Http11NioProtocol - Initializing ProtocolHandler ["http-nio-78085"]
2024-08-07 16:38:19.724 INFO  org.apache.catalina.core.StandardService - Starting service [Tomcat]
2024-08-07 16:38:19.724 INFO  org.apache.catalina.core.StandardEngine - Starting Servlet engine: [Apache Tomcat/9.0.68]
2024-08-07 16:38:19.904 INFO  org.apache.catalina.core.ContainerBase.[Tomcat].[localhost].[/] - Initializing Spring embedded WebApplicationContext
2024-08-07 16:38:19.904 INFO  org.springframework.boot.web.servlet.context.ServletWebServerApplicationContext - Root WebApplicationContext: initialization completed in 1692 ms
2024-08-07 16:38:20.297 INFO  org.redisson.Version - Redisson 3.13.4
2024-08-07 16:38:22.364 INFO  org.redisson.connection.pool.MasterPubSubConnectionPool - 1 connections initialized for r-bp1c49d65e2acfe4pd.redis.rds.aliyuncs.com/101.37.143.181:6379
2024-08-07 16:38:22.525 INFO  org.redisson.connection.pool.MasterConnectionPool - 24 connections initialized for r-bp1c49d65e2acfe4pd.redis.rds.aliyuncs.com/101.37.143.181:6379
2024-08-07 16:38:24.104 INFO  org.springframework.boot.actuate.endpoint.web.EndpointLinksResolver - Exposing 1 endpoint(s) beneath base path '/actuator'
2024-08-07 16:38:24.132 INFO  org.apache.coyote.http11.Http11NioProtocol - Starting ProtocolHandler ["http-nio-78085"]
2024-08-07 16:38:24.190 INFO  org.apache.coyote.http11.Http11NioProtocol - Pausing ProtocolHandler ["http-nio-78085"]
2024-08-07 16:38:24.190 INFO  org.apache.catalina.core.StandardService - Stopping service [Tomcat]
2024-08-07 16:38:24.196 INFO  org.apache.coyote.http11.Http11NioProtocol - Stopping ProtocolHandler ["http-nio-78085"]
2024-08-07 16:38:24.196 INFO  org.apache.coyote.http11.Http11NioProtocol - Destroying ProtocolHandler ["http-nio-78085"]
2024-08-07 16:38:24.212 INFO  org.springframework.boot.autoconfigure.logging.ConditionEvaluationReportLoggingListener - 

Error starting ApplicationContext. To display the conditions report re-run your application with 'debug' enabled.
2024-08-07 16:39:20.882 INFO  com.infuq.Bootstrap - Starting Bootstrap using Java 1.8.0_202 on DESKTOP-LE3U64R with PID 18464 (D:\Repository\infuq-influxDB\target\classes started by infuq in D:\Repository\infuq-influxDB)
2024-08-07 16:39:20.885 INFO  com.infuq.Bootstrap - The following 1 profile is active: "work"
2024-08-07 16:39:21.686 INFO  org.springframework.data.repository.config.RepositoryConfigurationDelegate - Multiple Spring Data modules found, entering strict repository configuration mode
2024-08-07 16:39:21.688 INFO  org.springframework.data.repository.config.RepositoryConfigurationDelegate - Bootstrapping Spring Data Redis repositories in DEFAULT mode.
2024-08-07 16:39:21.706 INFO  org.springframework.data.repository.config.RepositoryConfigurationDelegate - Finished Spring Data repository scanning in 5 ms. Found 0 Redis repository interfaces.
2024-08-07 16:39:22.107 INFO  org.springframework.boot.web.embedded.tomcat.TomcatWebServer - Tomcat initialized with port(s): 56075 (http)
2024-08-07 16:39:22.116 INFO  org.apache.coyote.http11.Http11NioProtocol - Initializing ProtocolHandler ["http-nio-56075"]
2024-08-07 16:39:22.118 INFO  org.apache.catalina.core.StandardService - Starting service [Tomcat]
2024-08-07 16:39:22.118 INFO  org.apache.catalina.core.StandardEngine - Starting Servlet engine: [Apache Tomcat/9.0.68]
2024-08-07 16:39:22.286 INFO  org.apache.catalina.core.ContainerBase.[Tomcat].[localhost].[/] - Initializing Spring embedded WebApplicationContext
2024-08-07 16:39:22.287 INFO  org.springframework.boot.web.servlet.context.ServletWebServerApplicationContext - Root WebApplicationContext: initialization completed in 1372 ms
2024-08-07 16:39:22.697 INFO  org.redisson.Version - Redisson 3.13.4
2024-08-07 16:39:24.780 INFO  org.redisson.connection.pool.MasterPubSubConnectionPool - 1 connections initialized for r-bp1c49d65e2acfe4pd.redis.rds.aliyuncs.com/101.37.143.181:6379
2024-08-07 16:39:24.930 INFO  org.redisson.connection.pool.MasterConnectionPool - 24 connections initialized for r-bp1c49d65e2acfe4pd.redis.rds.aliyuncs.com/101.37.143.181:6379
2024-08-07 16:39:26.403 INFO  org.springframework.boot.actuate.endpoint.web.EndpointLinksResolver - Exposing 1 endpoint(s) beneath base path '/actuator'
2024-08-07 16:39:26.434 INFO  org.apache.coyote.http11.Http11NioProtocol - Starting ProtocolHandler ["http-nio-56075"]
2024-08-07 16:39:26.452 INFO  org.springframework.boot.web.embedded.tomcat.TomcatWebServer - Tomcat started on port(s): 56075 (http) with context path ''
2024-08-07 16:39:26.471 INFO  com.infuq.Bootstrap - Started Bootstrap in 6.101 seconds (JVM running for 7.376)
2024-08-07 16:47:41.232 INFO  com.infuq.Bootstrap - Starting Bootstrap using Java 1.8.0_202 on DESKTOP-LE3U64R with PID 20820 (D:\Repository\infuq-influxDB\target\classes started by infuq in D:\Repository\infuq-influxDB)
2024-08-07 16:47:41.235 INFO  com.infuq.Bootstrap - The following 1 profile is active: "work"
2024-08-07 16:47:42.089 INFO  org.springframework.data.repository.config.RepositoryConfigurationDelegate - Multiple Spring Data modules found, entering strict repository configuration mode
2024-08-07 16:47:42.093 INFO  org.springframework.data.repository.config.RepositoryConfigurationDelegate - Bootstrapping Spring Data Redis repositories in DEFAULT mode.
2024-08-07 16:47:42.112 INFO  org.springframework.data.repository.config.RepositoryConfigurationDelegate - Finished Spring Data repository scanning in 5 ms. Found 0 Redis repository interfaces.
2024-08-07 16:47:42.500 INFO  org.springframework.boot.web.embedded.tomcat.TomcatWebServer - Tomcat initialized with port(s): 56075 (http)
2024-08-07 16:47:42.508 INFO  org.apache.coyote.http11.Http11NioProtocol - Initializing ProtocolHandler ["http-nio-56075"]
2024-08-07 16:47:42.508 INFO  org.apache.catalina.core.StandardService - Starting service [Tomcat]
2024-08-07 16:47:42.509 INFO  org.apache.catalina.core.StandardEngine - Starting Servlet engine: [Apache Tomcat/9.0.68]
2024-08-07 16:47:42.688 INFO  org.apache.catalina.core.ContainerBase.[Tomcat].[localhost].[/] - Initializing Spring embedded WebApplicationContext
2024-08-07 16:47:42.689 INFO  org.springframework.boot.web.servlet.context.ServletWebServerApplicationContext - Root WebApplicationContext: initialization completed in 1413 ms
2024-08-07 16:47:43.026 INFO  org.redisson.Version - Redisson 3.13.4
2024-08-07 16:47:45.095 INFO  org.redisson.connection.pool.MasterPubSubConnectionPool - 1 connections initialized for r-bp1c49d65e2acfe4pd.redis.rds.aliyuncs.com/101.37.143.181:6379
2024-08-07 16:47:45.249 INFO  org.redisson.connection.pool.MasterConnectionPool - 24 connections initialized for r-bp1c49d65e2acfe4pd.redis.rds.aliyuncs.com/101.37.143.181:6379
2024-08-07 16:47:46.722 INFO  org.springframework.boot.actuate.endpoint.web.EndpointLinksResolver - Exposing 1 endpoint(s) beneath base path '/actuator'
2024-08-07 16:47:46.753 INFO  org.apache.coyote.http11.Http11NioProtocol - Starting ProtocolHandler ["http-nio-56075"]
2024-08-07 16:47:46.770 INFO  org.springframework.boot.web.embedded.tomcat.TomcatWebServer - Tomcat started on port(s): 56075 (http) with context path ''
2024-08-07 16:47:46.791 INFO  com.infuq.Bootstrap - Started Bootstrap in 6.145 seconds (JVM running for 7.255)
2024-08-07 16:48:59.672 INFO  com.infuq.Bootstrap - Starting Bootstrap using Java 1.8.0_202 on DESKTOP-LE3U64R with PID 16580 (D:\Repository\infuq-influxDB\target\classes started by infuq in D:\Repository\infuq-influxDB)
2024-08-07 16:48:59.675 INFO  com.infuq.Bootstrap - The following 1 profile is active: "work"
2024-08-07 16:49:00.486 INFO  org.springframework.data.repository.config.RepositoryConfigurationDelegate - Multiple Spring Data modules found, entering strict repository configuration mode
2024-08-07 16:49:00.488 INFO  org.springframework.data.repository.config.RepositoryConfigurationDelegate - Bootstrapping Spring Data Redis repositories in DEFAULT mode.
2024-08-07 16:49:00.516 INFO  org.springframework.data.repository.config.RepositoryConfigurationDelegate - Finished Spring Data repository scanning in 7 ms. Found 0 Redis repository interfaces.
2024-08-07 16:49:00.924 INFO  org.springframework.boot.web.embedded.tomcat.TomcatWebServer - Tomcat initialized with port(s): 56075 (http)
2024-08-07 16:49:00.933 INFO  org.apache.coyote.http11.Http11NioProtocol - Initializing ProtocolHandler ["http-nio-56075"]
2024-08-07 16:49:00.934 INFO  org.apache.catalina.core.StandardService - Starting service [Tomcat]
2024-08-07 16:49:00.934 INFO  org.apache.catalina.core.StandardEngine - Starting Servlet engine: [Apache Tomcat/9.0.68]
2024-08-07 16:49:01.066 INFO  org.apache.catalina.core.ContainerBase.[Tomcat].[localhost].[/] - Initializing Spring embedded WebApplicationContext
2024-08-07 16:49:01.067 INFO  org.springframework.boot.web.servlet.context.ServletWebServerApplicationContext - Root WebApplicationContext: initialization completed in 1347 ms
2024-08-07 16:49:01.432 INFO  org.redisson.Version - Redisson 3.13.4
2024-08-07 16:49:03.582 INFO  org.redisson.connection.pool.MasterPubSubConnectionPool - 1 connections initialized for r-bp1c49d65e2acfe4pd.redis.rds.aliyuncs.com/101.37.143.181:6379
2024-08-07 16:49:03.737 INFO  org.redisson.connection.pool.MasterConnectionPool - 24 connections initialized for r-bp1c49d65e2acfe4pd.redis.rds.aliyuncs.com/101.37.143.181:6379
2024-08-07 16:49:05.316 INFO  org.springframework.boot.actuate.endpoint.web.EndpointLinksResolver - Exposing 1 endpoint(s) beneath base path '/actuator'
2024-08-07 16:49:05.345 INFO  org.apache.coyote.http11.Http11NioProtocol - Starting ProtocolHandler ["http-nio-56075"]
2024-08-07 16:49:05.360 INFO  org.springframework.boot.web.embedded.tomcat.TomcatWebServer - Tomcat started on port(s): 56075 (http) with context path ''
2024-08-07 16:49:05.376 INFO  com.infuq.Bootstrap - Started Bootstrap in 6.252 seconds (JVM running for 7.269)
2024-08-07 17:05:26.046 INFO  com.infuq.Bootstrap - Starting Bootstrap using Java 1.8.0_202 on DESKTOP-LE3U64R with PID 8384 (D:\Repository\infuq-influxDB\target\classes started by infuq in D:\Repository\infuq-influxDB)
2024-08-07 17:05:26.051 INFO  com.infuq.Bootstrap - The following 1 profile is active: "work"
2024-08-07 17:05:27.008 INFO  org.springframework.data.repository.config.RepositoryConfigurationDelegate - Multiple Spring Data modules found, entering strict repository configuration mode
2024-08-07 17:05:27.010 INFO  org.springframework.data.repository.config.RepositoryConfigurationDelegate - Bootstrapping Spring Data Redis repositories in DEFAULT mode.
2024-08-07 17:05:27.032 INFO  org.springframework.data.repository.config.RepositoryConfigurationDelegate - Finished Spring Data repository scanning in 6 ms. Found 0 Redis repository interfaces.
2024-08-07 17:05:27.460 INFO  org.springframework.boot.web.embedded.tomcat.TomcatWebServer - Tomcat initialized with port(s): 56075 (http)
2024-08-07 17:05:27.468 INFO  org.apache.coyote.http11.Http11NioProtocol - Initializing ProtocolHandler ["http-nio-56075"]
2024-08-07 17:05:27.469 INFO  org.apache.catalina.core.StandardService - Starting service [Tomcat]
2024-08-07 17:05:27.469 INFO  org.apache.catalina.core.StandardEngine - Starting Servlet engine: [Apache Tomcat/9.0.68]
2024-08-07 17:05:27.596 INFO  org.apache.catalina.core.ContainerBase.[Tomcat].[localhost].[/] - Initializing Spring embedded WebApplicationContext
2024-08-07 17:05:27.596 INFO  org.springframework.boot.web.servlet.context.ServletWebServerApplicationContext - Root WebApplicationContext: initialization completed in 1493 ms
2024-08-07 17:05:27.904 INFO  org.redisson.Version - Redisson 3.13.4
2024-08-07 17:05:30.161 INFO  org.redisson.connection.pool.MasterPubSubConnectionPool - 1 connections initialized for r-bp1c49d65e2acfe4pd.redis.rds.aliyuncs.com/101.37.143.181:6379
2024-08-07 17:05:30.325 INFO  org.redisson.connection.pool.MasterConnectionPool - 24 connections initialized for r-bp1c49d65e2acfe4pd.redis.rds.aliyuncs.com/101.37.143.181:6379
2024-08-07 17:05:32.104 INFO  org.springframework.boot.actuate.endpoint.web.EndpointLinksResolver - Exposing 1 endpoint(s) beneath base path '/actuator'
2024-08-07 17:05:32.136 INFO  org.apache.coyote.http11.Http11NioProtocol - Starting ProtocolHandler ["http-nio-56075"]
2024-08-07 17:05:32.148 INFO  org.springframework.boot.web.embedded.tomcat.TomcatWebServer - Tomcat started on port(s): 56075 (http) with context path ''
2024-08-07 17:05:32.162 INFO  com.infuq.Bootstrap - Started Bootstrap in 6.608 seconds (JVM running for 8.02)
2024-08-07 17:07:43.692 INFO  com.infuq.Bootstrap - Starting Bootstrap using Java 1.8.0_202 on DESKTOP-LE3U64R with PID 9000 (D:\Repository\infuq-influxDB\target\classes started by infuq in D:\Repository\infuq-influxDB)
2024-08-07 17:07:43.694 INFO  com.infuq.Bootstrap - The following 1 profile is active: "work"
2024-08-07 17:07:44.655 INFO  org.springframework.data.repository.config.RepositoryConfigurationDelegate - Multiple Spring Data modules found, entering strict repository configuration mode
2024-08-07 17:07:44.659 INFO  org.springframework.data.repository.config.RepositoryConfigurationDelegate - Bootstrapping Spring Data Redis repositories in DEFAULT mode.
2024-08-07 17:07:44.686 INFO  org.springframework.data.repository.config.RepositoryConfigurationDelegate - Finished Spring Data repository scanning in 6 ms. Found 0 Redis repository interfaces.
2024-08-07 17:07:45.267 INFO  org.springframework.boot.web.embedded.tomcat.TomcatWebServer - Tomcat initialized with port(s): 56075 (http)
2024-08-07 17:07:45.282 INFO  org.apache.coyote.http11.Http11NioProtocol - Initializing ProtocolHandler ["http-nio-56075"]
2024-08-07 17:07:45.285 INFO  org.apache.catalina.core.StandardService - Starting service [Tomcat]
2024-08-07 17:07:45.285 INFO  org.apache.catalina.core.StandardEngine - Starting Servlet engine: [Apache Tomcat/9.0.68]
2024-08-07 17:07:45.456 INFO  org.apache.catalina.core.ContainerBase.[Tomcat].[localhost].[/] - Initializing Spring embedded WebApplicationContext
2024-08-07 17:07:45.457 INFO  org.springframework.boot.web.servlet.context.ServletWebServerApplicationContext - Root WebApplicationContext: initialization completed in 1723 ms
2024-08-07 17:07:45.907 INFO  org.redisson.Version - Redisson 3.13.4
2024-08-07 17:07:48.284 INFO  org.redisson.connection.pool.MasterPubSubConnectionPool - 1 connections initialized for r-bp1c49d65e2acfe4pd.redis.rds.aliyuncs.com/101.37.143.181:6379
2024-08-07 17:07:48.441 INFO  org.redisson.connection.pool.MasterConnectionPool - 24 connections initialized for r-bp1c49d65e2acfe4pd.redis.rds.aliyuncs.com/101.37.143.181:6379
2024-08-07 17:07:50.389 INFO  org.springframework.boot.actuate.endpoint.web.EndpointLinksResolver - Exposing 1 endpoint(s) beneath base path '/actuator'
2024-08-07 17:07:50.427 INFO  org.apache.coyote.http11.Http11NioProtocol - Starting ProtocolHandler ["http-nio-56075"]
2024-08-07 17:07:50.441 INFO  org.springframework.boot.web.embedded.tomcat.TomcatWebServer - Tomcat started on port(s): 56075 (http) with context path ''
2024-08-07 17:07:50.458 INFO  com.infuq.Bootstrap - Started Bootstrap in 7.349 seconds (JVM running for 8.531)
2024-08-07 17:18:31.422 INFO  com.infuq.Bootstrap - Starting Bootstrap using Java 1.8.0_202 on DESKTOP-LE3U64R with PID 14856 (D:\Repository\infuq-influxDB\target\classes started by infuq in D:\Repository\infuq-influxDB)
2024-08-07 17:18:31.429 INFO  com.infuq.Bootstrap - The following 1 profile is active: "work"
2024-08-07 17:18:32.840 INFO  org.springframework.data.repository.config.RepositoryConfigurationDelegate - Multiple Spring Data modules found, entering strict repository configuration mode
2024-08-07 17:18:32.851 INFO  org.springframework.data.repository.config.RepositoryConfigurationDelegate - Bootstrapping Spring Data Redis repositories in DEFAULT mode.
2024-08-07 17:18:32.889 INFO  org.springframework.data.repository.config.RepositoryConfigurationDelegate - Finished Spring Data repository scanning in 6 ms. Found 0 Redis repository interfaces.
2024-08-07 17:18:33.504 INFO  org.springframework.boot.web.embedded.tomcat.TomcatWebServer - Tomcat initialized with port(s): 56075 (http)
2024-08-07 17:18:33.516 INFO  org.apache.coyote.http11.Http11NioProtocol - Initializing ProtocolHandler ["http-nio-56075"]
2024-08-07 17:18:33.517 INFO  org.apache.catalina.core.StandardService - Starting service [Tomcat]
2024-08-07 17:18:33.517 INFO  org.apache.catalina.core.StandardEngine - Starting Servlet engine: [Apache Tomcat/9.0.68]
2024-08-07 17:18:33.757 INFO  org.apache.catalina.core.ContainerBase.[Tomcat].[localhost].[/] - Initializing Spring embedded WebApplicationContext
2024-08-07 17:18:33.757 INFO  org.springframework.boot.web.servlet.context.ServletWebServerApplicationContext - Root WebApplicationContext: initialization completed in 2269 ms
2024-08-07 17:18:34.228 INFO  org.redisson.Version - Redisson 3.13.4
2024-08-07 17:18:36.656 INFO  org.redisson.connection.pool.MasterPubSubConnectionPool - 1 connections initialized for r-bp1c49d65e2acfe4pd.redis.rds.aliyuncs.com/101.37.143.181:6379
2024-08-07 17:18:36.808 INFO  org.redisson.connection.pool.MasterConnectionPool - 24 connections initialized for r-bp1c49d65e2acfe4pd.redis.rds.aliyuncs.com/101.37.143.181:6379
2024-08-07 17:18:38.903 INFO  org.springframework.boot.actuate.endpoint.web.EndpointLinksResolver - Exposing 1 endpoint(s) beneath base path '/actuator'
2024-08-07 17:18:38.939 INFO  org.apache.coyote.http11.Http11NioProtocol - Starting ProtocolHandler ["http-nio-56075"]
2024-08-07 17:18:38.954 INFO  org.springframework.boot.web.embedded.tomcat.TomcatWebServer - Tomcat started on port(s): 56075 (http) with context path ''
2024-08-07 17:18:38.972 INFO  com.infuq.Bootstrap - Started Bootstrap in 8.336 seconds (JVM running for 9.84)
2024-08-07 17:23:35.186 INFO  com.infuq.Bootstrap - Starting Bootstrap using Java 1.8.0_202 on DESKTOP-LE3U64R with PID 20804 (D:\Repository\infuq-influxDB\target\classes started by infuq in D:\Repository\infuq-influxDB)
2024-08-07 17:23:35.190 INFO  com.infuq.Bootstrap - The following 1 profile is active: "work"
2024-08-07 17:23:36.109 INFO  org.springframework.data.repository.config.RepositoryConfigurationDelegate - Multiple Spring Data modules found, entering strict repository configuration mode
2024-08-07 17:23:36.111 INFO  org.springframework.data.repository.config.RepositoryConfigurationDelegate - Bootstrapping Spring Data Redis repositories in DEFAULT mode.
2024-08-07 17:23:36.135 INFO  org.springframework.data.repository.config.RepositoryConfigurationDelegate - Finished Spring Data repository scanning in 8 ms. Found 0 Redis repository interfaces.
2024-08-07 17:23:36.808 INFO  org.springframework.boot.web.embedded.tomcat.TomcatWebServer - Tomcat initialized with port(s): 56075 (http)
2024-08-07 17:23:36.830 INFO  org.apache.coyote.http11.Http11NioProtocol - Initializing ProtocolHandler ["http-nio-56075"]
2024-08-07 17:23:36.834 INFO  org.apache.catalina.core.StandardService - Starting service [Tomcat]
2024-08-07 17:23:36.835 INFO  org.apache.catalina.core.StandardEngine - Starting Servlet engine: [Apache Tomcat/9.0.68]
2024-08-07 17:23:37.103 INFO  org.apache.catalina.core.ContainerBase.[Tomcat].[localhost].[/] - Initializing Spring embedded WebApplicationContext
2024-08-07 17:23:37.103 INFO  org.springframework.boot.web.servlet.context.ServletWebServerApplicationContext - Root WebApplicationContext: initialization completed in 1868 ms
2024-08-07 17:23:37.576 INFO  org.redisson.Version - Redisson 3.13.4
2024-08-07 17:23:40.069 INFO  org.redisson.connection.pool.MasterPubSubConnectionPool - 1 connections initialized for r-bp1c49d65e2acfe4pd.redis.rds.aliyuncs.com/101.37.143.181:6379
2024-08-07 17:23:40.212 INFO  org.redisson.connection.pool.MasterConnectionPool - 24 connections initialized for r-bp1c49d65e2acfe4pd.redis.rds.aliyuncs.com/101.37.143.181:6379
2024-08-07 17:23:41.782 INFO  org.springframework.boot.actuate.endpoint.web.EndpointLinksResolver - Exposing 1 endpoint(s) beneath base path '/actuator'
2024-08-07 17:23:41.808 INFO  org.apache.coyote.http11.Http11NioProtocol - Starting ProtocolHandler ["http-nio-56075"]
2024-08-07 17:23:41.824 INFO  org.springframework.boot.web.embedded.tomcat.TomcatWebServer - Tomcat started on port(s): 56075 (http) with context path ''
2024-08-07 17:23:41.847 INFO  com.infuq.Bootstrap - Started Bootstrap in 7.29 seconds (JVM running for 8.726)
2024-08-07 17:27:31.077 INFO  com.infuq.Bootstrap - Starting Bootstrap using Java 1.8.0_202 on DESKTOP-LE3U64R with PID 15228 (D:\Repository\infuq-influxDB\target\classes started by infuq in D:\Repository\infuq-influxDB)
2024-08-07 17:27:31.079 INFO  com.infuq.Bootstrap - The following 1 profile is active: "work"
2024-08-07 17:27:31.881 INFO  org.springframework.data.repository.config.RepositoryConfigurationDelegate - Multiple Spring Data modules found, entering strict repository configuration mode
2024-08-07 17:27:31.883 INFO  org.springframework.data.repository.config.RepositoryConfigurationDelegate - Bootstrapping Spring Data Redis repositories in DEFAULT mode.
2024-08-07 17:27:31.900 INFO  org.springframework.data.repository.config.RepositoryConfigurationDelegate - Finished Spring Data repository scanning in 5 ms. Found 0 Redis repository interfaces.
2024-08-07 17:27:32.257 INFO  org.springframework.boot.web.embedded.tomcat.TomcatWebServer - Tomcat initialized with port(s): 56075 (http)
2024-08-07 17:27:32.266 INFO  org.apache.coyote.http11.Http11NioProtocol - Initializing ProtocolHandler ["http-nio-56075"]
2024-08-07 17:27:32.267 INFO  org.apache.catalina.core.StandardService - Starting service [Tomcat]
2024-08-07 17:27:32.267 INFO  org.apache.catalina.core.StandardEngine - Starting Servlet engine: [Apache Tomcat/9.0.68]
2024-08-07 17:27:32.383 INFO  org.apache.catalina.core.ContainerBase.[Tomcat].[localhost].[/] - Initializing Spring embedded WebApplicationContext
2024-08-07 17:27:32.384 INFO  org.springframework.boot.web.servlet.context.ServletWebServerApplicationContext - Root WebApplicationContext: initialization completed in 1261 ms
2024-08-07 17:27:32.694 INFO  org.redisson.Version - Redisson 3.13.4
2024-08-07 17:27:34.527 INFO  org.redisson.connection.pool.MasterPubSubConnectionPool - 1 connections initialized for r-bp1c49d65e2acfe4pd.redis.rds.aliyuncs.com/101.37.143.181:6379
2024-08-07 17:27:34.674 INFO  org.redisson.connection.pool.MasterConnectionPool - 24 connections initialized for r-bp1c49d65e2acfe4pd.redis.rds.aliyuncs.com/101.37.143.181:6379
2024-08-07 17:27:36.088 INFO  org.springframework.boot.actuate.endpoint.web.EndpointLinksResolver - Exposing 1 endpoint(s) beneath base path '/actuator'
2024-08-07 17:27:36.112 INFO  org.apache.coyote.http11.Http11NioProtocol - Starting ProtocolHandler ["http-nio-56075"]
2024-08-07 17:27:36.125 INFO  org.springframework.boot.web.embedded.tomcat.TomcatWebServer - Tomcat started on port(s): 56075 (http) with context path ''
2024-08-07 17:27:36.143 INFO  com.infuq.Bootstrap - Started Bootstrap in 5.52 seconds (JVM running for 6.736)
2024-08-07 17:30:12.545 INFO  com.infuq.Bootstrap - Starting Bootstrap using Java 1.8.0_202 on DESKTOP-LE3U64R with PID 16696 (D:\Repository\infuq-influxDB\target\classes started by infuq in D:\Repository\infuq-influxDB)
2024-08-07 17:30:12.548 INFO  com.infuq.Bootstrap - The following 1 profile is active: "work"
2024-08-07 17:30:13.408 INFO  org.springframework.data.repository.config.RepositoryConfigurationDelegate - Multiple Spring Data modules found, entering strict repository configuration mode
2024-08-07 17:30:13.410 INFO  org.springframework.data.repository.config.RepositoryConfigurationDelegate - Bootstrapping Spring Data Redis repositories in DEFAULT mode.
2024-08-07 17:30:13.431 INFO  org.springframework.data.repository.config.RepositoryConfigurationDelegate - Finished Spring Data repository scanning in 6 ms. Found 0 Redis repository interfaces.
2024-08-07 17:30:13.834 INFO  org.springframework.boot.web.embedded.tomcat.TomcatWebServer - Tomcat initialized with port(s): 56075 (http)
2024-08-07 17:30:13.842 INFO  org.apache.coyote.http11.Http11NioProtocol - Initializing ProtocolHandler ["http-nio-56075"]
2024-08-07 17:30:13.843 INFO  org.apache.catalina.core.StandardService - Starting service [Tomcat]
2024-08-07 17:30:13.843 INFO  org.apache.catalina.core.StandardEngine - Starting Servlet engine: [Apache Tomcat/9.0.68]
2024-08-07 17:30:14.000 INFO  org.apache.catalina.core.ContainerBase.[Tomcat].[localhost].[/] - Initializing Spring embedded WebApplicationContext
2024-08-07 17:30:14.000 INFO  org.springframework.boot.web.servlet.context.ServletWebServerApplicationContext - Root WebApplicationContext: initialization completed in 1404 ms
2024-08-07 17:30:14.361 INFO  org.redisson.Version - Redisson 3.13.4
2024-08-07 17:30:16.374 INFO  org.redisson.connection.pool.MasterPubSubConnectionPool - 1 connections initialized for r-bp1c49d65e2acfe4pd.redis.rds.aliyuncs.com/101.37.143.181:6379
2024-08-07 17:30:16.524 INFO  org.redisson.connection.pool.MasterConnectionPool - 24 connections initialized for r-bp1c49d65e2acfe4pd.redis.rds.aliyuncs.com/101.37.143.181:6379
2024-08-07 17:30:18.299 INFO  org.springframework.boot.actuate.endpoint.web.EndpointLinksResolver - Exposing 1 endpoint(s) beneath base path '/actuator'
2024-08-07 17:30:18.334 INFO  org.apache.coyote.http11.Http11NioProtocol - Starting ProtocolHandler ["http-nio-56075"]
2024-08-07 17:30:18.347 INFO  org.springframework.boot.web.embedded.tomcat.TomcatWebServer - Tomcat started on port(s): 56075 (http) with context path ''
2024-08-07 17:30:18.369 INFO  com.infuq.Bootstrap - Started Bootstrap in 6.351 seconds (JVM running for 7.496)
2024-08-07 17:34:11.537 INFO  com.infuq.Bootstrap - Starting Bootstrap using Java 1.8.0_202 on DESKTOP-LE3U64R with PID 12928 (D:\Repository\infuq-influxDB\target\classes started by infuq in D:\Repository\infuq-influxDB)
2024-08-07 17:34:11.540 INFO  com.infuq.Bootstrap - The following 1 profile is active: "work"
2024-08-07 17:34:12.345 INFO  org.springframework.data.repository.config.RepositoryConfigurationDelegate - Multiple Spring Data modules found, entering strict repository configuration mode
2024-08-07 17:34:12.348 INFO  org.springframework.data.repository.config.RepositoryConfigurationDelegate - Bootstrapping Spring Data Redis repositories in DEFAULT mode.
2024-08-07 17:34:12.368 INFO  org.springframework.data.repository.config.RepositoryConfigurationDelegate - Finished Spring Data repository scanning in 6 ms. Found 0 Redis repository interfaces.
2024-08-07 17:34:12.768 INFO  org.springframework.boot.web.embedded.tomcat.TomcatWebServer - Tomcat initialized with port(s): 56075 (http)
2024-08-07 17:34:12.776 INFO  org.apache.coyote.http11.Http11NioProtocol - Initializing ProtocolHandler ["http-nio-56075"]
2024-08-07 17:34:12.776 INFO  org.apache.catalina.core.StandardService - Starting service [Tomcat]
2024-08-07 17:34:12.777 INFO  org.apache.catalina.core.StandardEngine - Starting Servlet engine: [Apache Tomcat/9.0.68]
2024-08-07 17:34:12.907 INFO  org.apache.catalina.core.ContainerBase.[Tomcat].[localhost].[/] - Initializing Spring embedded WebApplicationContext
2024-08-07 17:34:12.908 INFO  org.springframework.boot.web.servlet.context.ServletWebServerApplicationContext - Root WebApplicationContext: initialization completed in 1324 ms
2024-08-07 17:34:13.222 INFO  org.redisson.Version - Redisson 3.13.4
2024-08-07 17:34:15.415 INFO  org.redisson.connection.pool.MasterPubSubConnectionPool - 1 connections initialized for r-bp1c49d65e2acfe4pd.redis.rds.aliyuncs.com/101.37.143.181:6379
2024-08-07 17:34:15.561 INFO  org.redisson.connection.pool.MasterConnectionPool - 24 connections initialized for r-bp1c49d65e2acfe4pd.redis.rds.aliyuncs.com/101.37.143.181:6379
2024-08-07 17:34:17.212 INFO  org.springframework.boot.actuate.endpoint.web.EndpointLinksResolver - Exposing 1 endpoint(s) beneath base path '/actuator'
2024-08-07 17:34:17.255 INFO  org.apache.coyote.http11.Http11NioProtocol - Starting ProtocolHandler ["http-nio-56075"]
2024-08-07 17:34:17.268 INFO  org.springframework.boot.web.embedded.tomcat.TomcatWebServer - Tomcat started on port(s): 56075 (http) with context path ''
2024-08-07 17:34:17.287 INFO  com.infuq.Bootstrap - Started Bootstrap in 6.263 seconds (JVM running for 7.423)
2024-08-07 17:37:02.223 INFO  com.infuq.Bootstrap - Starting Bootstrap using Java 1.8.0_202 on DESKTOP-LE3U64R with PID 8500 (D:\Repository\infuq-influxDB\target\classes started by infuq in D:\Repository\infuq-influxDB)
2024-08-07 17:37:02.227 INFO  com.infuq.Bootstrap - The following 1 profile is active: "work"
2024-08-07 17:37:02.992 INFO  org.springframework.data.repository.config.RepositoryConfigurationDelegate - Multiple Spring Data modules found, entering strict repository configuration mode
2024-08-07 17:37:02.995 INFO  org.springframework.data.repository.config.RepositoryConfigurationDelegate - Bootstrapping Spring Data Redis repositories in DEFAULT mode.
2024-08-07 17:37:03.012 INFO  org.springframework.data.repository.config.RepositoryConfigurationDelegate - Finished Spring Data repository scanning in 7 ms. Found 0 Redis repository interfaces.
2024-08-07 17:37:03.384 INFO  org.springframework.boot.web.embedded.tomcat.TomcatWebServer - Tomcat initialized with port(s): 56075 (http)
2024-08-07 17:37:03.392 INFO  org.apache.coyote.http11.Http11NioProtocol - Initializing ProtocolHandler ["http-nio-56075"]
2024-08-07 17:37:03.393 INFO  org.apache.catalina.core.StandardService - Starting service [Tomcat]
2024-08-07 17:37:03.393 INFO  org.apache.catalina.core.StandardEngine - Starting Servlet engine: [Apache Tomcat/9.0.68]
2024-08-07 17:37:03.546 INFO  org.apache.catalina.core.ContainerBase.[Tomcat].[localhost].[/] - Initializing Spring embedded WebApplicationContext
2024-08-07 17:37:03.547 INFO  org.springframework.boot.web.servlet.context.ServletWebServerApplicationContext - Root WebApplicationContext: initialization completed in 1272 ms
2024-08-07 17:37:03.850 INFO  org.redisson.Version - Redisson 3.13.4
2024-08-07 17:37:05.904 INFO  org.redisson.connection.pool.MasterPubSubConnectionPool - 1 connections initialized for r-bp1c49d65e2acfe4pd.redis.rds.aliyuncs.com/101.37.143.181:6379
2024-08-07 17:37:06.055 INFO  org.redisson.connection.pool.MasterConnectionPool - 24 connections initialized for r-bp1c49d65e2acfe4pd.redis.rds.aliyuncs.com/101.37.143.181:6379
2024-08-07 17:37:07.646 INFO  org.springframework.boot.actuate.endpoint.web.EndpointLinksResolver - Exposing 1 endpoint(s) beneath base path '/actuator'
2024-08-07 17:37:07.676 INFO  org.apache.coyote.http11.Http11NioProtocol - Starting ProtocolHandler ["http-nio-56075"]
2024-08-07 17:37:07.689 INFO  org.springframework.boot.web.embedded.tomcat.TomcatWebServer - Tomcat started on port(s): 56075 (http) with context path ''
2024-08-07 17:37:07.706 INFO  com.infuq.Bootstrap - Started Bootstrap in 6.017 seconds (JVM running for 7.121)
2024-08-07 17:43:02.511 INFO  com.infuq.Bootstrap - Starting Bootstrap using Java 1.8.0_202 on DESKTOP-LE3U64R with PID 9840 (D:\Repository\infuq-influxDB\target\classes started by infuq in D:\Repository\infuq-influxDB)
2024-08-07 17:43:02.515 INFO  com.infuq.Bootstrap - The following 1 profile is active: "work"
2024-08-07 17:43:03.311 INFO  org.springframework.data.repository.config.RepositoryConfigurationDelegate - Multiple Spring Data modules found, entering strict repository configuration mode
2024-08-07 17:43:03.313 INFO  org.springframework.data.repository.config.RepositoryConfigurationDelegate - Bootstrapping Spring Data Redis repositories in DEFAULT mode.
2024-08-07 17:43:03.331 INFO  org.springframework.data.repository.config.RepositoryConfigurationDelegate - Finished Spring Data repository scanning in 5 ms. Found 0 Redis repository interfaces.
2024-08-07 17:43:03.691 INFO  org.springframework.boot.web.embedded.tomcat.TomcatWebServer - Tomcat initialized with port(s): 56075 (http)
2024-08-07 17:43:03.698 INFO  org.apache.coyote.http11.Http11NioProtocol - Initializing ProtocolHandler ["http-nio-56075"]
2024-08-07 17:43:03.698 INFO  org.apache.catalina.core.StandardService - Starting service [Tomcat]
2024-08-07 17:43:03.698 INFO  org.apache.catalina.core.StandardEngine - Starting Servlet engine: [Apache Tomcat/9.0.68]
2024-08-07 17:43:03.808 INFO  org.apache.catalina.core.ContainerBase.[Tomcat].[localhost].[/] - Initializing Spring embedded WebApplicationContext
2024-08-07 17:43:03.808 INFO  org.springframework.boot.web.servlet.context.ServletWebServerApplicationContext - Root WebApplicationContext: initialization completed in 1248 ms
2024-08-07 17:43:04.102 INFO  org.redisson.Version - Redisson 3.13.4
2024-08-07 17:43:06.027 INFO  org.redisson.connection.pool.MasterPubSubConnectionPool - 1 connections initialized for r-bp1c49d65e2acfe4pd.redis.rds.aliyuncs.com/101.37.143.181:6379
2024-08-07 17:43:06.173 INFO  org.redisson.connection.pool.MasterConnectionPool - 24 connections initialized for r-bp1c49d65e2acfe4pd.redis.rds.aliyuncs.com/101.37.143.181:6379
2024-08-07 17:43:07.554 INFO  org.springframework.boot.actuate.endpoint.web.EndpointLinksResolver - Exposing 1 endpoint(s) beneath base path '/actuator'
2024-08-07 17:43:07.579 INFO  org.apache.coyote.http11.Http11NioProtocol - Starting ProtocolHandler ["http-nio-56075"]
2024-08-07 17:43:07.591 INFO  org.springframework.boot.web.embedded.tomcat.TomcatWebServer - Tomcat started on port(s): 56075 (http) with context path ''
2024-08-07 17:43:07.606 INFO  com.infuq.Bootstrap - Started Bootstrap in 5.724 seconds (JVM running for 6.784)
2024-08-07 17:46:05.693 INFO  com.infuq.Bootstrap - Starting Bootstrap using Java 1.8.0_202 on DESKTOP-LE3U64R with PID 19316 (D:\Repository\infuq-influxDB\target\classes started by infuq in D:\Repository\infuq-influxDB)
2024-08-07 17:46:05.697 INFO  com.infuq.Bootstrap - The following 1 profile is active: "work"
2024-08-07 17:46:06.463 INFO  org.springframework.data.repository.config.RepositoryConfigurationDelegate - Multiple Spring Data modules found, entering strict repository configuration mode
2024-08-07 17:46:06.465 INFO  org.springframework.data.repository.config.RepositoryConfigurationDelegate - Bootstrapping Spring Data Redis repositories in DEFAULT mode.
2024-08-07 17:46:06.485 INFO  org.springframework.data.repository.config.RepositoryConfigurationDelegate - Finished Spring Data repository scanning in 6 ms. Found 0 Redis repository interfaces.
2024-08-07 17:46:06.828 INFO  org.springframework.boot.web.embedded.tomcat.TomcatWebServer - Tomcat initialized with port(s): 56075 (http)
2024-08-07 17:46:06.837 INFO  org.apache.coyote.http11.Http11NioProtocol - Initializing ProtocolHandler ["http-nio-56075"]
2024-08-07 17:46:06.838 INFO  org.apache.catalina.core.StandardService - Starting service [Tomcat]
2024-08-07 17:46:06.838 INFO  org.apache.catalina.core.StandardEngine - Starting Servlet engine: [Apache Tomcat/9.0.68]
2024-08-07 17:46:06.965 INFO  org.apache.catalina.core.ContainerBase.[Tomcat].[localhost].[/] - Initializing Spring embedded WebApplicationContext
2024-08-07 17:46:06.966 INFO  org.springframework.boot.web.servlet.context.ServletWebServerApplicationContext - Root WebApplicationContext: initialization completed in 1227 ms
2024-08-07 17:46:07.289 INFO  org.redisson.Version - Redisson 3.13.4
2024-08-07 17:46:09.449 INFO  org.redisson.connection.pool.MasterPubSubConnectionPool - 1 connections initialized for r-bp1c49d65e2acfe4pd.redis.rds.aliyuncs.com/101.37.143.181:6379
2024-08-07 17:46:09.600 INFO  org.redisson.connection.pool.MasterConnectionPool - 24 connections initialized for r-bp1c49d65e2acfe4pd.redis.rds.aliyuncs.com/101.37.143.181:6379
2024-08-07 17:46:10.938 INFO  org.springframework.boot.actuate.endpoint.web.EndpointLinksResolver - Exposing 1 endpoint(s) beneath base path '/actuator'
2024-08-07 17:46:10.963 INFO  org.apache.coyote.http11.Http11NioProtocol - Starting ProtocolHandler ["http-nio-56075"]
2024-08-07 17:46:10.974 INFO  org.springframework.boot.web.embedded.tomcat.TomcatWebServer - Tomcat started on port(s): 56075 (http) with context path ''
2024-08-07 17:46:10.989 INFO  com.infuq.Bootstrap - Started Bootstrap in 5.813 seconds (JVM running for 6.799)
2024-08-07 17:49:06.352 INFO  com.infuq.Bootstrap - Starting Bootstrap using Java 1.8.0_202 on DESKTOP-LE3U64R with PID 4972 (D:\Repository\infuq-influxDB\target\classes started by infuq in D:\Repository\infuq-influxDB)
2024-08-07 17:49:06.357 INFO  com.infuq.Bootstrap - The following 1 profile is active: "work"
2024-08-07 17:49:07.118 INFO  org.springframework.data.repository.config.RepositoryConfigurationDelegate - Multiple Spring Data modules found, entering strict repository configuration mode
2024-08-07 17:49:07.120 INFO  org.springframework.data.repository.config.RepositoryConfigurationDelegate - Bootstrapping Spring Data Redis repositories in DEFAULT mode.
2024-08-07 17:49:07.137 INFO  org.springframework.data.repository.config.RepositoryConfigurationDelegate - Finished Spring Data repository scanning in 5 ms. Found 0 Redis repository interfaces.
2024-08-07 17:49:07.481 INFO  org.springframework.boot.web.embedded.tomcat.TomcatWebServer - Tomcat initialized with port(s): 56075 (http)
2024-08-07 17:49:07.488 INFO  org.apache.coyote.http11.Http11NioProtocol - Initializing ProtocolHandler ["http-nio-56075"]
2024-08-07 17:49:07.489 INFO  org.apache.catalina.core.StandardService - Starting service [Tomcat]
2024-08-07 17:49:07.489 INFO  org.apache.catalina.core.StandardEngine - Starting Servlet engine: [Apache Tomcat/9.0.68]
2024-08-07 17:49:07.605 INFO  org.apache.catalina.core.ContainerBase.[Tomcat].[localhost].[/] - Initializing Spring embedded WebApplicationContext
2024-08-07 17:49:07.605 INFO  org.springframework.boot.web.servlet.context.ServletWebServerApplicationContext - Root WebApplicationContext: initialization completed in 1200 ms
2024-08-07 17:49:07.896 INFO  org.redisson.Version - Redisson 3.13.4
2024-08-07 17:49:09.738 INFO  org.redisson.connection.pool.MasterPubSubConnectionPool - 1 connections initialized for r-bp1c49d65e2acfe4pd.redis.rds.aliyuncs.com/101.37.143.181:6379
2024-08-07 17:49:09.879 INFO  org.redisson.connection.pool.MasterConnectionPool - 24 connections initialized for r-bp1c49d65e2acfe4pd.redis.rds.aliyuncs.com/101.37.143.181:6379
2024-08-07 17:49:11.202 INFO  org.springframework.boot.actuate.endpoint.web.EndpointLinksResolver - Exposing 1 endpoint(s) beneath base path '/actuator'
2024-08-07 17:49:11.226 INFO  org.apache.coyote.http11.Http11NioProtocol - Starting ProtocolHandler ["http-nio-56075"]
2024-08-07 17:49:11.238 INFO  org.springframework.boot.web.embedded.tomcat.TomcatWebServer - Tomcat started on port(s): 56075 (http) with context path ''
2024-08-07 17:49:11.252 INFO  com.infuq.Bootstrap - Started Bootstrap in 5.407 seconds (JVM running for 6.41)
2024-08-07 17:50:04.318 INFO  com.infuq.Bootstrap - Starting Bootstrap using Java 1.8.0_202 on DESKTOP-LE3U64R with PID 21348 (D:\Repository\infuq-influxDB\target\classes started by infuq in D:\Repository\infuq-influxDB)
2024-08-07 17:50:04.321 INFO  com.infuq.Bootstrap - The following 1 profile is active: "work"
2024-08-07 17:50:05.071 INFO  org.springframework.data.repository.config.RepositoryConfigurationDelegate - Multiple Spring Data modules found, entering strict repository configuration mode
2024-08-07 17:50:05.073 INFO  org.springframework.data.repository.config.RepositoryConfigurationDelegate - Bootstrapping Spring Data Redis repositories in DEFAULT mode.
2024-08-07 17:50:05.090 INFO  org.springframework.data.repository.config.RepositoryConfigurationDelegate - Finished Spring Data repository scanning in 5 ms. Found 0 Redis repository interfaces.
2024-08-07 17:50:05.461 INFO  org.springframework.boot.web.embedded.tomcat.TomcatWebServer - Tomcat initialized with port(s): 56075 (http)
2024-08-07 17:50:05.471 INFO  org.apache.coyote.http11.Http11NioProtocol - Initializing ProtocolHandler ["http-nio-56075"]
2024-08-07 17:50:05.472 INFO  org.apache.catalina.core.StandardService - Starting service [Tomcat]
2024-08-07 17:50:05.472 INFO  org.apache.catalina.core.StandardEngine - Starting Servlet engine: [Apache Tomcat/9.0.68]
2024-08-07 17:50:05.613 INFO  org.apache.catalina.core.ContainerBase.[Tomcat].[localhost].[/] - Initializing Spring embedded WebApplicationContext
2024-08-07 17:50:05.613 INFO  org.springframework.boot.web.servlet.context.ServletWebServerApplicationContext - Root WebApplicationContext: initialization completed in 1250 ms
2024-08-07 17:50:05.954 INFO  org.redisson.Version - Redisson 3.13.4
2024-08-07 17:50:07.995 INFO  org.redisson.connection.pool.MasterPubSubConnectionPool - 1 connections initialized for r-bp1c49d65e2acfe4pd.redis.rds.aliyuncs.com/101.37.143.181:6379
2024-08-07 17:50:08.145 INFO  org.redisson.connection.pool.MasterConnectionPool - 24 connections initialized for r-bp1c49d65e2acfe4pd.redis.rds.aliyuncs.com/101.37.143.181:6379
2024-08-07 17:50:09.704 INFO  org.springframework.boot.actuate.endpoint.web.EndpointLinksResolver - Exposing 1 endpoint(s) beneath base path '/actuator'
2024-08-07 17:50:09.740 INFO  org.apache.coyote.http11.Http11NioProtocol - Starting ProtocolHandler ["http-nio-56075"]
2024-08-07 17:50:09.751 INFO  org.springframework.boot.web.embedded.tomcat.TomcatWebServer - Tomcat started on port(s): 56075 (http) with context path ''
2024-08-07 17:50:09.770 INFO  com.infuq.Bootstrap - Started Bootstrap in 5.959 seconds (JVM running for 6.995)
2024-08-07 17:58:07.086 INFO  com.infuq.Bootstrap - Starting Bootstrap using Java 1.8.0_202 on DESKTOP-LE3U64R with PID 17920 (D:\Repository\infuq-influxDB\target\classes started by infuq in D:\Repository\infuq-influxDB)
2024-08-07 17:58:07.090 INFO  com.infuq.Bootstrap - The following 1 profile is active: "work"
2024-08-07 17:58:08.029 INFO  org.springframework.data.repository.config.RepositoryConfigurationDelegate - Multiple Spring Data modules found, entering strict repository configuration mode
2024-08-07 17:58:08.032 INFO  org.springframework.data.repository.config.RepositoryConfigurationDelegate - Bootstrapping Spring Data Redis repositories in DEFAULT mode.
2024-08-07 17:58:08.055 INFO  org.springframework.data.repository.config.RepositoryConfigurationDelegate - Finished Spring Data repository scanning in 7 ms. Found 0 Redis repository interfaces.
2024-08-07 17:58:08.577 INFO  org.springframework.boot.web.embedded.tomcat.TomcatWebServer - Tomcat initialized with port(s): 56075 (http)
2024-08-07 17:58:08.591 INFO  org.apache.coyote.http11.Http11NioProtocol - Initializing ProtocolHandler ["http-nio-56075"]
2024-08-07 17:58:08.591 INFO  org.apache.catalina.core.StandardService - Starting service [Tomcat]
2024-08-07 17:58:08.591 INFO  org.apache.catalina.core.StandardEngine - Starting Servlet engine: [Apache Tomcat/9.0.68]
2024-08-07 17:58:08.789 INFO  org.apache.catalina.core.ContainerBase.[Tomcat].[localhost].[/] - Initializing Spring embedded WebApplicationContext
2024-08-07 17:58:08.790 INFO  org.springframework.boot.web.servlet.context.ServletWebServerApplicationContext - Root WebApplicationContext: initialization completed in 1657 ms
2024-08-07 17:58:09.259 INFO  org.redisson.Version - Redisson 3.13.4
2024-08-07 17:58:11.647 INFO  org.redisson.connection.pool.MasterPubSubConnectionPool - 1 connections initialized for r-bp1c49d65e2acfe4pd.redis.rds.aliyuncs.com/101.37.143.181:6379
2024-08-07 17:58:11.804 INFO  org.redisson.connection.pool.MasterConnectionPool - 24 connections initialized for r-bp1c49d65e2acfe4pd.redis.rds.aliyuncs.com/101.37.143.181:6379
2024-08-07 17:58:13.808 INFO  org.springframework.boot.actuate.endpoint.web.EndpointLinksResolver - Exposing 1 endpoint(s) beneath base path '/actuator'
2024-08-07 17:58:13.837 INFO  org.apache.coyote.http11.Http11NioProtocol - Starting ProtocolHandler ["http-nio-56075"]
2024-08-07 17:58:13.849 INFO  org.springframework.boot.web.embedded.tomcat.TomcatWebServer - Tomcat started on port(s): 56075 (http) with context path ''
2024-08-07 17:58:13.866 INFO  com.infuq.Bootstrap - Started Bootstrap in 7.328 seconds (JVM running for 8.706)
2024-08-07 17:59:16.373 INFO  com.infuq.Bootstrap - Starting Bootstrap using Java 1.8.0_202 on DESKTOP-LE3U64R with PID 1736 (D:\Repository\infuq-influxDB\target\classes started by infuq in D:\Repository\infuq-influxDB)
2024-08-07 17:59:16.375 INFO  com.infuq.Bootstrap - The following 1 profile is active: "work"
2024-08-07 17:59:17.131 INFO  org.springframework.data.repository.config.RepositoryConfigurationDelegate - Multiple Spring Data modules found, entering strict repository configuration mode
2024-08-07 17:59:17.132 INFO  org.springframework.data.repository.config.RepositoryConfigurationDelegate - Bootstrapping Spring Data Redis repositories in DEFAULT mode.
2024-08-07 17:59:17.151 INFO  org.springframework.data.repository.config.RepositoryConfigurationDelegate - Finished Spring Data repository scanning in 6 ms. Found 0 Redis repository interfaces.
2024-08-07 17:59:17.495 INFO  org.springframework.boot.web.embedded.tomcat.TomcatWebServer - Tomcat initialized with port(s): 56075 (http)
2024-08-07 17:59:17.502 INFO  org.apache.coyote.http11.Http11NioProtocol - Initializing ProtocolHandler ["http-nio-56075"]
2024-08-07 17:59:17.502 INFO  org.apache.catalina.core.StandardService - Starting service [Tomcat]
2024-08-07 17:59:17.503 INFO  org.apache.catalina.core.StandardEngine - Starting Servlet engine: [Apache Tomcat/9.0.68]
2024-08-07 17:59:17.621 INFO  org.apache.catalina.core.ContainerBase.[Tomcat].[localhost].[/] - Initializing Spring embedded WebApplicationContext
2024-08-07 17:59:17.622 INFO  org.springframework.boot.web.servlet.context.ServletWebServerApplicationContext - Root WebApplicationContext: initialization completed in 1204 ms
2024-08-07 17:59:17.907 INFO  org.redisson.Version - Redisson 3.13.4
2024-08-07 17:59:19.894 INFO  org.redisson.connection.pool.MasterPubSubConnectionPool - 1 connections initialized for r-bp1c49d65e2acfe4pd.redis.rds.aliyuncs.com/101.37.143.181:6379
2024-08-07 17:59:20.039 INFO  org.redisson.connection.pool.MasterConnectionPool - 24 connections initialized for r-bp1c49d65e2acfe4pd.redis.rds.aliyuncs.com/101.37.143.181:6379
2024-08-07 17:59:21.361 INFO  org.springframework.boot.actuate.endpoint.web.EndpointLinksResolver - Exposing 1 endpoint(s) beneath base path '/actuator'
2024-08-07 17:59:21.386 INFO  org.apache.coyote.http11.Http11NioProtocol - Starting ProtocolHandler ["http-nio-56075"]
2024-08-07 17:59:21.397 INFO  org.springframework.boot.web.embedded.tomcat.TomcatWebServer - Tomcat started on port(s): 56075 (http) with context path ''
2024-08-07 17:59:21.412 INFO  com.infuq.Bootstrap - Started Bootstrap in 5.565 seconds (JVM running for 6.573)
2024-08-07 18:00:27.483 INFO  com.infuq.Bootstrap - Starting Bootstrap using Java 1.8.0_202 on DESKTOP-LE3U64R with PID 3308 (D:\Repository\infuq-influxDB\target\classes started by infuq in D:\Repository\infuq-influxDB)
2024-08-07 18:00:27.488 INFO  com.infuq.Bootstrap - The following 1 profile is active: "work"
2024-08-07 18:00:28.372 INFO  org.springframework.data.repository.config.RepositoryConfigurationDelegate - Multiple Spring Data modules found, entering strict repository configuration mode
2024-08-07 18:00:28.374 INFO  org.springframework.data.repository.config.RepositoryConfigurationDelegate - Bootstrapping Spring Data Redis repositories in DEFAULT mode.
2024-08-07 18:00:28.392 INFO  org.springframework.data.repository.config.RepositoryConfigurationDelegate - Finished Spring Data repository scanning in 7 ms. Found 0 Redis repository interfaces.
2024-08-07 18:00:28.925 INFO  org.springframework.boot.web.embedded.tomcat.TomcatWebServer - Tomcat initialized with port(s): 56075 (http)
2024-08-07 18:00:28.938 INFO  org.apache.coyote.http11.Http11NioProtocol - Initializing ProtocolHandler ["http-nio-56075"]
2024-08-07 18:00:28.939 INFO  org.apache.catalina.core.StandardService - Starting service [Tomcat]
2024-08-07 18:00:28.939 INFO  org.apache.catalina.core.StandardEngine - Starting Servlet engine: [Apache Tomcat/9.0.68]
2024-08-07 18:00:29.107 INFO  org.apache.catalina.core.ContainerBase.[Tomcat].[localhost].[/] - Initializing Spring embedded WebApplicationContext
2024-08-07 18:00:29.108 INFO  org.springframework.boot.web.servlet.context.ServletWebServerApplicationContext - Root WebApplicationContext: initialization completed in 1545 ms
2024-08-07 18:00:29.479 INFO  org.redisson.Version - Redisson 3.13.4
2024-08-07 18:00:31.699 INFO  org.redisson.connection.pool.MasterPubSubConnectionPool - 1 connections initialized for r-bp1c49d65e2acfe4pd.redis.rds.aliyuncs.com/101.37.143.181:6379
2024-08-07 18:00:31.854 INFO  org.redisson.connection.pool.MasterConnectionPool - 24 connections initialized for r-bp1c49d65e2acfe4pd.redis.rds.aliyuncs.com/101.37.143.181:6379
2024-08-07 18:00:33.325 INFO  org.springframework.boot.actuate.endpoint.web.EndpointLinksResolver - Exposing 1 endpoint(s) beneath base path '/actuator'
2024-08-07 18:00:33.351 INFO  org.apache.coyote.http11.Http11NioProtocol - Starting ProtocolHandler ["http-nio-56075"]
2024-08-07 18:00:33.360 INFO  org.springframework.boot.web.embedded.tomcat.TomcatWebServer - Tomcat started on port(s): 56075 (http) with context path ''
2024-08-07 18:00:33.376 INFO  com.infuq.Bootstrap - Started Bootstrap in 6.533 seconds (JVM running for 7.582)
2024-08-07 18:02:27.054 INFO  com.infuq.Bootstrap - Starting Bootstrap using Java 1.8.0_202 on DESKTOP-LE3U64R with PID 15956 (D:\Repository\infuq-influxDB\target\classes started by infuq in D:\Repository\infuq-influxDB)
2024-08-07 18:02:27.058 INFO  com.infuq.Bootstrap - The following 1 profile is active: "work"
2024-08-07 18:02:27.998 INFO  org.springframework.data.repository.config.RepositoryConfigurationDelegate - Multiple Spring Data modules found, entering strict repository configuration mode
2024-08-07 18:02:28.000 INFO  org.springframework.data.repository.config.RepositoryConfigurationDelegate - Bootstrapping Spring Data Redis repositories in DEFAULT mode.
2024-08-07 18:02:28.022 INFO  org.springframework.data.repository.config.RepositoryConfigurationDelegate - Finished Spring Data repository scanning in 6 ms. Found 0 Redis repository interfaces.
2024-08-07 18:02:28.437 INFO  org.springframework.boot.web.embedded.tomcat.TomcatWebServer - Tomcat initialized with port(s): 56075 (http)
2024-08-07 18:02:28.446 INFO  org.apache.coyote.http11.Http11NioProtocol - Initializing ProtocolHandler ["http-nio-56075"]
2024-08-07 18:02:28.447 INFO  org.apache.catalina.core.StandardService - Starting service [Tomcat]
2024-08-07 18:02:28.448 INFO  org.apache.catalina.core.StandardEngine - Starting Servlet engine: [Apache Tomcat/9.0.68]
2024-08-07 18:02:28.576 INFO  org.apache.catalina.core.ContainerBase.[Tomcat].[localhost].[/] - Initializing Spring embedded WebApplicationContext
2024-08-07 18:02:28.576 INFO  org.springframework.boot.web.servlet.context.ServletWebServerApplicationContext - Root WebApplicationContext: initialization completed in 1443 ms
2024-08-07 18:02:28.958 INFO  org.redisson.Version - Redisson 3.13.4
2024-08-07 18:02:31.140 INFO  org.redisson.connection.pool.MasterPubSubConnectionPool - 1 connections initialized for r-bp1c49d65e2acfe4pd.redis.rds.aliyuncs.com/101.37.143.181:6379
2024-08-07 18:02:31.282 INFO  org.redisson.connection.pool.MasterConnectionPool - 24 connections initialized for r-bp1c49d65e2acfe4pd.redis.rds.aliyuncs.com/101.37.143.181:6379
2024-08-07 18:02:32.983 INFO  org.springframework.boot.actuate.endpoint.web.EndpointLinksResolver - Exposing 1 endpoint(s) beneath base path '/actuator'
2024-08-07 18:02:33.017 INFO  org.apache.coyote.http11.Http11NioProtocol - Starting ProtocolHandler ["http-nio-56075"]
2024-08-07 18:02:33.031 INFO  org.springframework.boot.web.embedded.tomcat.TomcatWebServer - Tomcat started on port(s): 56075 (http) with context path ''
2024-08-07 18:02:33.050 INFO  com.infuq.Bootstrap - Started Bootstrap in 6.54 seconds (JVM running for 7.539)
2024-08-07 18:09:52.048 INFO  com.infuq.Bootstrap - Starting Bootstrap using Java 1.8.0_202 on DESKTOP-LE3U64R with PID 12476 (D:\Repository\infuq-influxDB\target\classes started by infuq in D:\Repository\infuq-influxDB)
2024-08-07 18:09:52.052 INFO  com.infuq.Bootstrap - The following 1 profile is active: "work"
2024-08-07 18:09:52.958 INFO  org.springframework.data.repository.config.RepositoryConfigurationDelegate - Multiple Spring Data modules found, entering strict repository configuration mode
2024-08-07 18:09:52.960 INFO  org.springframework.data.repository.config.RepositoryConfigurationDelegate - Bootstrapping Spring Data Redis repositories in DEFAULT mode.
2024-08-07 18:09:52.977 INFO  org.springframework.data.repository.config.RepositoryConfigurationDelegate - Finished Spring Data repository scanning in 5 ms. Found 0 Redis repository interfaces.
2024-08-07 18:09:53.418 INFO  org.springframework.boot.web.embedded.tomcat.TomcatWebServer - Tomcat initialized with port(s): 56075 (http)
2024-08-07 18:09:53.431 INFO  org.apache.coyote.http11.Http11NioProtocol - Initializing ProtocolHandler ["http-nio-56075"]
2024-08-07 18:09:53.432 INFO  org.apache.catalina.core.StandardService - Starting service [Tomcat]
2024-08-07 18:09:53.433 INFO  org.apache.catalina.core.StandardEngine - Starting Servlet engine: [Apache Tomcat/9.0.68]
2024-08-07 18:09:53.603 INFO  org.apache.catalina.core.ContainerBase.[Tomcat].[localhost].[/] - Initializing Spring embedded WebApplicationContext
2024-08-07 18:09:53.603 INFO  org.springframework.boot.web.servlet.context.ServletWebServerApplicationContext - Root WebApplicationContext: initialization completed in 1505 ms
2024-08-07 18:09:53.973 INFO  org.redisson.Version - Redisson 3.13.4
2024-08-07 18:09:56.022 INFO  org.redisson.connection.pool.MasterPubSubConnectionPool - 1 connections initialized for r-bp1c49d65e2acfe4pd.redis.rds.aliyuncs.com/101.37.143.181:6379
2024-08-07 18:09:56.174 INFO  org.redisson.connection.pool.MasterConnectionPool - 24 connections initialized for r-bp1c49d65e2acfe4pd.redis.rds.aliyuncs.com/101.37.143.181:6379
2024-08-07 18:09:57.484 INFO  org.springframework.boot.actuate.endpoint.web.EndpointLinksResolver - Exposing 1 endpoint(s) beneath base path '/actuator'
2024-08-07 18:09:57.512 INFO  org.apache.coyote.http11.Http11NioProtocol - Starting ProtocolHandler ["http-nio-56075"]
2024-08-07 18:09:57.526 INFO  org.springframework.boot.web.embedded.tomcat.TomcatWebServer - Tomcat started on port(s): 56075 (http) with context path ''
2024-08-07 18:09:57.543 INFO  com.infuq.Bootstrap - Started Bootstrap in 6.065 seconds (JVM running for 7.098)
2024-08-07 18:13:37.652 INFO  com.infuq.Bootstrap - Starting Bootstrap using Java 1.8.0_202 on DESKTOP-LE3U64R with PID 20048 (D:\Repository\infuq-influxDB\target\classes started by infuq in D:\Repository\infuq-influxDB)
2024-08-07 18:13:37.655 INFO  com.infuq.Bootstrap - The following 1 profile is active: "work"
2024-08-07 18:13:38.626 INFO  org.springframework.data.repository.config.RepositoryConfigurationDelegate - Multiple Spring Data modules found, entering strict repository configuration mode
2024-08-07 18:13:38.628 INFO  org.springframework.data.repository.config.RepositoryConfigurationDelegate - Bootstrapping Spring Data Redis repositories in DEFAULT mode.
2024-08-07 18:13:38.649 INFO  org.springframework.data.repository.config.RepositoryConfigurationDelegate - Finished Spring Data repository scanning in 8 ms. Found 0 Redis repository interfaces.
2024-08-07 18:13:39.149 INFO  org.springframework.boot.web.embedded.tomcat.TomcatWebServer - Tomcat initialized with port(s): 56075 (http)
2024-08-07 18:13:39.162 INFO  org.apache.coyote.http11.Http11NioProtocol - Initializing ProtocolHandler ["http-nio-56075"]
2024-08-07 18:13:39.163 INFO  org.apache.catalina.core.StandardService - Starting service [Tomcat]
2024-08-07 18:13:39.163 INFO  org.apache.catalina.core.StandardEngine - Starting Servlet engine: [Apache Tomcat/9.0.68]
2024-08-07 18:13:39.343 INFO  org.apache.catalina.core.ContainerBase.[Tomcat].[localhost].[/] - Initializing Spring embedded WebApplicationContext
2024-08-07 18:13:39.343 INFO  org.springframework.boot.web.servlet.context.ServletWebServerApplicationContext - Root WebApplicationContext: initialization completed in 1640 ms
2024-08-07 18:13:39.756 INFO  org.redisson.Version - Redisson 3.13.4
2024-08-07 18:13:41.889 INFO  org.redisson.connection.pool.MasterPubSubConnectionPool - 1 connections initialized for r-bp1c49d65e2acfe4pd.redis.rds.aliyuncs.com/101.37.143.181:6379
2024-08-07 18:13:42.035 INFO  org.redisson.connection.pool.MasterConnectionPool - 24 connections initialized for r-bp1c49d65e2acfe4pd.redis.rds.aliyuncs.com/101.37.143.181:6379
2024-08-07 18:13:43.556 INFO  org.springframework.boot.actuate.endpoint.web.EndpointLinksResolver - Exposing 1 endpoint(s) beneath base path '/actuator'
2024-08-07 18:13:43.584 INFO  org.apache.coyote.http11.Http11NioProtocol - Starting ProtocolHandler ["http-nio-56075"]
2024-08-07 18:13:43.594 INFO  org.springframework.boot.web.embedded.tomcat.TomcatWebServer - Tomcat started on port(s): 56075 (http) with context path ''
2024-08-07 18:13:43.613 INFO  com.infuq.Bootstrap - Started Bootstrap in 6.482 seconds (JVM running for 7.923)
2024-08-07 18:17:19.401 INFO  com.infuq.Bootstrap - Starting Bootstrap using Java 1.8.0_202 on DESKTOP-LE3U64R with PID 19920 (D:\Repository\infuq-influxDB\target\classes started by infuq in D:\Repository\infuq-influxDB)
2024-08-07 18:17:19.403 INFO  com.infuq.Bootstrap - The following 1 profile is active: "work"
2024-08-07 18:17:20.142 INFO  org.springframework.data.repository.config.RepositoryConfigurationDelegate - Multiple Spring Data modules found, entering strict repository configuration mode
2024-08-07 18:17:20.143 INFO  org.springframework.data.repository.config.RepositoryConfigurationDelegate - Bootstrapping Spring Data Redis repositories in DEFAULT mode.
2024-08-07 18:17:20.161 INFO  org.springframework.data.repository.config.RepositoryConfigurationDelegate - Finished Spring Data repository scanning in 5 ms. Found 0 Redis repository interfaces.
2024-08-07 18:17:20.500 INFO  org.springframework.boot.web.embedded.tomcat.TomcatWebServer - Tomcat initialized with port(s): 56075 (http)
2024-08-07 18:17:20.507 INFO  org.apache.coyote.http11.Http11NioProtocol - Initializing ProtocolHandler ["http-nio-56075"]
2024-08-07 18:17:20.507 INFO  org.apache.catalina.core.StandardService - Starting service [Tomcat]
2024-08-07 18:17:20.508 INFO  org.apache.catalina.core.StandardEngine - Starting Servlet engine: [Apache Tomcat/9.0.68]
2024-08-07 18:17:20.620 INFO  org.apache.catalina.core.ContainerBase.[Tomcat].[localhost].[/] - Initializing Spring embedded WebApplicationContext
2024-08-07 18:17:20.621 INFO  org.springframework.boot.web.servlet.context.ServletWebServerApplicationContext - Root WebApplicationContext: initialization completed in 1176 ms
2024-08-07 18:17:20.954 INFO  org.redisson.Version - Redisson 3.13.4
2024-08-07 18:17:22.942 INFO  org.redisson.connection.pool.MasterPubSubConnectionPool - 1 connections initialized for r-bp1c49d65e2acfe4pd.redis.rds.aliyuncs.com/101.37.143.181:6379
2024-08-07 18:17:23.088 INFO  org.redisson.connection.pool.MasterConnectionPool - 24 connections initialized for r-bp1c49d65e2acfe4pd.redis.rds.aliyuncs.com/101.37.143.181:6379
2024-08-07 18:17:24.427 INFO  org.springframework.boot.actuate.endpoint.web.EndpointLinksResolver - Exposing 1 endpoint(s) beneath base path '/actuator'
2024-08-07 18:17:24.450 INFO  org.apache.coyote.http11.Http11NioProtocol - Starting ProtocolHandler ["http-nio-56075"]
2024-08-07 18:17:24.462 INFO  org.springframework.boot.web.embedded.tomcat.TomcatWebServer - Tomcat started on port(s): 56075 (http) with context path ''
2024-08-07 18:17:24.476 INFO  com.infuq.Bootstrap - Started Bootstrap in 5.563 seconds (JVM running for 6.59)
2024-08-07 18:21:57.274 INFO  com.infuq.Bootstrap - Starting Bootstrap using Java 1.8.0_202 on DESKTOP-LE3U64R with PID 17088 (D:\Repository\infuq-influxDB\target\classes started by infuq in D:\Repository\infuq-influxDB)
2024-08-07 18:21:57.276 INFO  com.infuq.Bootstrap - The following 1 profile is active: "work"
2024-08-07 18:21:58.309 INFO  org.springframework.data.repository.config.RepositoryConfigurationDelegate - Multiple Spring Data modules found, entering strict repository configuration mode
2024-08-07 18:21:58.311 INFO  org.springframework.data.repository.config.RepositoryConfigurationDelegate - Bootstrapping Spring Data Redis repositories in DEFAULT mode.
2024-08-07 18:21:58.329 INFO  org.springframework.data.repository.config.RepositoryConfigurationDelegate - Finished Spring Data repository scanning in 5 ms. Found 0 Redis repository interfaces.
2024-08-07 18:21:58.733 INFO  org.springframework.boot.web.embedded.tomcat.TomcatWebServer - Tomcat initialized with port(s): 56075 (http)
2024-08-07 18:21:58.742 INFO  org.apache.coyote.http11.Http11NioProtocol - Initializing ProtocolHandler ["http-nio-56075"]
2024-08-07 18:21:58.743 INFO  org.apache.catalina.core.StandardService - Starting service [Tomcat]
2024-08-07 18:21:58.743 INFO  org.apache.catalina.core.StandardEngine - Starting Servlet engine: [Apache Tomcat/9.0.68]
2024-08-07 18:21:58.880 INFO  org.apache.catalina.core.ContainerBase.[Tomcat].[localhost].[/] - Initializing Spring embedded WebApplicationContext
2024-08-07 18:21:58.880 INFO  org.springframework.boot.web.servlet.context.ServletWebServerApplicationContext - Root WebApplicationContext: initialization completed in 1541 ms
2024-08-07 18:21:59.181 INFO  org.redisson.Version - Redisson 3.13.4
2024-08-07 18:22:01.271 INFO  org.redisson.connection.pool.MasterPubSubConnectionPool - 1 connections initialized for r-bp1c49d65e2acfe4pd.redis.rds.aliyuncs.com/101.37.143.181:6379
2024-08-07 18:22:01.421 INFO  org.redisson.connection.pool.MasterConnectionPool - 24 connections initialized for r-bp1c49d65e2acfe4pd.redis.rds.aliyuncs.com/101.37.143.181:6379
2024-08-07 18:22:02.725 INFO  org.springframework.boot.actuate.endpoint.web.EndpointLinksResolver - Exposing 1 endpoint(s) beneath base path '/actuator'
2024-08-07 18:22:02.748 INFO  org.apache.coyote.http11.Http11NioProtocol - Starting ProtocolHandler ["http-nio-56075"]
2024-08-07 18:22:02.758 INFO  org.springframework.boot.web.embedded.tomcat.TomcatWebServer - Tomcat started on port(s): 56075 (http) with context path ''
2024-08-07 18:22:02.772 INFO  com.infuq.Bootstrap - Started Bootstrap in 6.125 seconds (JVM running for 7.327)
2024-08-07 18:22:53.305 INFO  com.infuq.Bootstrap - Starting Bootstrap using Java 1.8.0_202 on DESKTOP-LE3U64R with PID 6492 (D:\Repository\infuq-influxDB\target\classes started by infuq in D:\Repository\infuq-influxDB)
2024-08-07 18:22:53.310 INFO  com.infuq.Bootstrap - The following 1 profile is active: "work"
2024-08-07 18:22:54.106 INFO  org.springframework.data.repository.config.RepositoryConfigurationDelegate - Multiple Spring Data modules found, entering strict repository configuration mode
2024-08-07 18:22:54.108 INFO  org.springframework.data.repository.config.RepositoryConfigurationDelegate - Bootstrapping Spring Data Redis repositories in DEFAULT mode.
2024-08-07 18:22:54.123 INFO  org.springframework.data.repository.config.RepositoryConfigurationDelegate - Finished Spring Data repository scanning in 4 ms. Found 0 Redis repository interfaces.
2024-08-07 18:22:54.469 INFO  org.springframework.boot.web.embedded.tomcat.TomcatWebServer - Tomcat initialized with port(s): 56075 (http)
2024-08-07 18:22:54.476 INFO  org.apache.coyote.http11.Http11NioProtocol - Initializing ProtocolHandler ["http-nio-56075"]
2024-08-07 18:22:54.476 INFO  org.apache.catalina.core.StandardService - Starting service [Tomcat]
2024-08-07 18:22:54.477 INFO  org.apache.catalina.core.StandardEngine - Starting Servlet engine: [Apache Tomcat/9.0.68]
2024-08-07 18:22:54.586 INFO  org.apache.catalina.core.ContainerBase.[Tomcat].[localhost].[/] - Initializing Spring embedded WebApplicationContext
2024-08-07 18:22:54.586 INFO  org.springframework.boot.web.servlet.context.ServletWebServerApplicationContext - Root WebApplicationContext: initialization completed in 1232 ms
2024-08-07 18:22:54.909 INFO  org.redisson.Version - Redisson 3.13.4
2024-08-07 18:22:56.939 INFO  org.redisson.connection.pool.MasterPubSubConnectionPool - 1 connections initialized for r-bp1c49d65e2acfe4pd.redis.rds.aliyuncs.com/101.37.143.181:6379
2024-08-07 18:22:57.096 INFO  org.redisson.connection.pool.MasterConnectionPool - 24 connections initialized for r-bp1c49d65e2acfe4pd.redis.rds.aliyuncs.com/101.37.143.181:6379
2024-08-07 18:22:58.658 INFO  org.springframework.boot.actuate.endpoint.web.EndpointLinksResolver - Exposing 1 endpoint(s) beneath base path '/actuator'
2024-08-07 18:22:58.687 INFO  org.apache.coyote.http11.Http11NioProtocol - Starting ProtocolHandler ["http-nio-56075"]
2024-08-07 18:22:58.701 INFO  org.springframework.boot.web.embedded.tomcat.TomcatWebServer - Tomcat started on port(s): 56075 (http) with context path ''
2024-08-07 18:22:58.717 INFO  com.infuq.Bootstrap - Started Bootstrap in 5.946 seconds (JVM running for 7.003)
2024-08-07 18:24:39.920 INFO  com.infuq.Bootstrap - Starting Bootstrap using Java 1.8.0_202 on DESKTOP-LE3U64R with PID 19204 (D:\Repository\infuq-influxDB\target\classes started by infuq in D:\Repository\infuq-influxDB)
2024-08-07 18:24:39.924 INFO  com.infuq.Bootstrap - The following 1 profile is active: "work"
2024-08-07 18:24:40.814 INFO  org.springframework.data.repository.config.RepositoryConfigurationDelegate - Multiple Spring Data modules found, entering strict repository configuration mode
2024-08-07 18:24:40.816 INFO  org.springframework.data.repository.config.RepositoryConfigurationDelegate - Bootstrapping Spring Data Redis repositories in DEFAULT mode.
2024-08-07 18:24:40.832 INFO  org.springframework.data.repository.config.RepositoryConfigurationDelegate - Finished Spring Data repository scanning in 5 ms. Found 0 Redis repository interfaces.
2024-08-07 18:24:41.191 INFO  org.springframework.boot.web.embedded.tomcat.TomcatWebServer - Tomcat initialized with port(s): 56075 (http)
2024-08-07 18:24:41.198 INFO  org.apache.coyote.http11.Http11NioProtocol - Initializing ProtocolHandler ["http-nio-56075"]
2024-08-07 18:24:41.199 INFO  org.apache.catalina.core.StandardService - Starting service [Tomcat]
2024-08-07 18:24:41.199 INFO  org.apache.catalina.core.StandardEngine - Starting Servlet engine: [Apache Tomcat/9.0.68]
2024-08-07 18:24:41.318 INFO  org.apache.catalina.core.ContainerBase.[Tomcat].[localhost].[/] - Initializing Spring embedded WebApplicationContext
2024-08-07 18:24:41.318 INFO  org.springframework.boot.web.servlet.context.ServletWebServerApplicationContext - Root WebApplicationContext: initialization completed in 1347 ms
2024-08-07 18:24:41.713 INFO  org.redisson.Version - Redisson 3.13.4
2024-08-07 18:24:43.763 INFO  org.redisson.connection.pool.MasterPubSubConnectionPool - 1 connections initialized for r-bp1c49d65e2acfe4pd.redis.rds.aliyuncs.com/101.37.143.181:6379
2024-08-07 18:24:43.910 INFO  org.redisson.connection.pool.MasterConnectionPool - 24 connections initialized for r-bp1c49d65e2acfe4pd.redis.rds.aliyuncs.com/101.37.143.181:6379
2024-08-07 18:24:45.904 INFO  org.springframework.boot.actuate.endpoint.web.EndpointLinksResolver - Exposing 1 endpoint(s) beneath base path '/actuator'
2024-08-07 18:24:45.960 INFO  org.apache.coyote.http11.Http11NioProtocol - Starting ProtocolHandler ["http-nio-56075"]
2024-08-07 18:24:45.983 INFO  org.springframework.boot.web.embedded.tomcat.TomcatWebServer - Tomcat started on port(s): 56075 (http) with context path ''
2024-08-07 18:24:46.008 INFO  com.infuq.Bootstrap - Started Bootstrap in 6.605 seconds (JVM running for 7.964)
2024-08-07 18:28:09.182 INFO  com.infuq.Bootstrap - Starting Bootstrap using Java 1.8.0_202 on DESKTOP-LE3U64R with PID 20008 (D:\Repository\infuq-influxDB\target\classes started by infuq in D:\Repository\infuq-influxDB)
2024-08-07 18:28:09.185 INFO  com.infuq.Bootstrap - The following 1 profile is active: "work"
2024-08-07 18:28:09.974 INFO  org.springframework.data.repository.config.RepositoryConfigurationDelegate - Multiple Spring Data modules found, entering strict repository configuration mode
2024-08-07 18:28:09.976 INFO  org.springframework.data.repository.config.RepositoryConfigurationDelegate - Bootstrapping Spring Data Redis repositories in DEFAULT mode.
2024-08-07 18:28:09.994 INFO  org.springframework.data.repository.config.RepositoryConfigurationDelegate - Finished Spring Data repository scanning in 5 ms. Found 0 Redis repository interfaces.
2024-08-07 18:28:10.329 INFO  org.springframework.boot.web.embedded.tomcat.TomcatWebServer - Tomcat initialized with port(s): 56075 (http)
2024-08-07 18:28:10.336 INFO  org.apache.coyote.http11.Http11NioProtocol - Initializing ProtocolHandler ["http-nio-56075"]
2024-08-07 18:28:10.337 INFO  org.apache.catalina.core.StandardService - Starting service [Tomcat]
2024-08-07 18:28:10.337 INFO  org.apache.catalina.core.StandardEngine - Starting Servlet engine: [Apache Tomcat/9.0.68]
2024-08-07 18:28:10.451 INFO  org.apache.catalina.core.ContainerBase.[Tomcat].[localhost].[/] - Initializing Spring embedded WebApplicationContext
2024-08-07 18:28:10.451 INFO  org.springframework.boot.web.servlet.context.ServletWebServerApplicationContext - Root WebApplicationContext: initialization completed in 1221 ms
2024-08-07 18:28:10.734 INFO  org.redisson.Version - Redisson 3.13.4
2024-08-07 18:28:12.576 INFO  org.redisson.connection.pool.MasterPubSubConnectionPool - 1 connections initialized for r-bp1c49d65e2acfe4pd.redis.rds.aliyuncs.com/101.37.143.181:6379
2024-08-07 18:28:12.733 INFO  org.redisson.connection.pool.MasterConnectionPool - 24 connections initialized for r-bp1c49d65e2acfe4pd.redis.rds.aliyuncs.com/101.37.143.181:6379
2024-08-07 18:28:14.001 INFO  org.springframework.boot.actuate.endpoint.web.EndpointLinksResolver - Exposing 1 endpoint(s) beneath base path '/actuator'
2024-08-07 18:28:14.024 INFO  org.apache.coyote.http11.Http11NioProtocol - Starting ProtocolHandler ["http-nio-56075"]
2024-08-07 18:28:14.035 INFO  org.springframework.boot.web.embedded.tomcat.TomcatWebServer - Tomcat started on port(s): 56075 (http) with context path ''
2024-08-07 18:28:14.052 INFO  com.infuq.Bootstrap - Started Bootstrap in 5.349 seconds (JVM running for 6.511)
2024-08-07 18:29:13.220 INFO  com.infuq.Bootstrap - Starting Bootstrap using Java 1.8.0_202 on DESKTOP-LE3U64R with PID 19876 (D:\Repository\infuq-influxDB\target\classes started by infuq in D:\Repository\infuq-influxDB)
2024-08-07 18:29:13.222 INFO  com.infuq.Bootstrap - The following 1 profile is active: "work"
2024-08-07 18:29:13.958 INFO  org.springframework.data.repository.config.RepositoryConfigurationDelegate - Multiple Spring Data modules found, entering strict repository configuration mode
2024-08-07 18:29:13.960 INFO  org.springframework.data.repository.config.RepositoryConfigurationDelegate - Bootstrapping Spring Data Redis repositories in DEFAULT mode.
2024-08-07 18:29:13.978 INFO  org.springframework.data.repository.config.RepositoryConfigurationDelegate - Finished Spring Data repository scanning in 7 ms. Found 0 Redis repository interfaces.
2024-08-07 18:29:14.312 INFO  org.springframework.boot.web.embedded.tomcat.TomcatWebServer - Tomcat initialized with port(s): 56075 (http)
2024-08-07 18:29:14.318 INFO  org.apache.coyote.http11.Http11NioProtocol - Initializing ProtocolHandler ["http-nio-56075"]
2024-08-07 18:29:14.319 INFO  org.apache.catalina.core.StandardService - Starting service [Tomcat]
2024-08-07 18:29:14.319 INFO  org.apache.catalina.core.StandardEngine - Starting Servlet engine: [Apache Tomcat/9.0.68]
2024-08-07 18:29:14.430 INFO  org.apache.catalina.core.ContainerBase.[Tomcat].[localhost].[/] - Initializing Spring embedded WebApplicationContext
2024-08-07 18:29:14.430 INFO  org.springframework.boot.web.servlet.context.ServletWebServerApplicationContext - Root WebApplicationContext: initialization completed in 1169 ms
2024-08-07 18:29:14.714 INFO  org.redisson.Version - Redisson 3.13.4
2024-08-07 18:29:16.570 INFO  org.redisson.connection.pool.MasterPubSubConnectionPool - 1 connections initialized for r-bp1c49d65e2acfe4pd.redis.rds.aliyuncs.com/101.37.143.181:6379
2024-08-07 18:29:16.711 INFO  org.redisson.connection.pool.MasterConnectionPool - 24 connections initialized for r-bp1c49d65e2acfe4pd.redis.rds.aliyuncs.com/101.37.143.181:6379
2024-08-07 18:29:18.183 INFO  org.springframework.boot.actuate.endpoint.web.EndpointLinksResolver - Exposing 1 endpoint(s) beneath base path '/actuator'
2024-08-07 18:29:18.206 INFO  org.apache.coyote.http11.Http11NioProtocol - Starting ProtocolHandler ["http-nio-56075"]
2024-08-07 18:29:18.217 INFO  org.springframework.boot.web.embedded.tomcat.TomcatWebServer - Tomcat started on port(s): 56075 (http) with context path ''
2024-08-07 18:29:18.231 INFO  com.infuq.Bootstrap - Started Bootstrap in 5.512 seconds (JVM running for 6.474)
